<?xml version="1.0" encoding="UTF-8"?>
<testsuite xmlns:xsi="http://www.w3.org/2001/XMLSchema-instance" xsi:noNamespaceSchemaLocation="https://maven.apache.org/surefire/maven-surefire-plugin/xsd/surefire-test-report.xsd" name="cn.soa.IotUsermanagerApplicationTests" time="12.984" tests="1" errors="1" skipped="0" failures="0">
  <properties>
[...]
</properties>
  <testcase name="testAuthorityService" classname="cn.soa.IotUsermanagerApplicationTests" time="0.002">
    <error message="Failed to load ApplicationContext" type="java.lang.IllegalStateException">java.lang.IllegalStateException: Failed to load ApplicationContext
Caused by: org.springframework.beans.factory.BeanCreationException: Error creating bean with name 'serverEndpointExporter' defined in class path resource [cn/soa/config/websocket/WSConfig.class]: Invocation of init method failed; nested exception is java.lang.IllegalStateException: javax.websocket.server.ServerContainer not available
Caused by: java.lang.IllegalStateException: javax.websocket.server.ServerContainer not available
</error>
    <system-out><![CDATA[10:30:34.316 [main] DEBUG org.springframework.test.context.junit4.SpringJUnit4ClassRunner - SpringJUnit4ClassRunner constructor called with [class cn.soa.IotUsermanagerApplicationTests]
10:30:34.403 [main] DEBUG org.springframework.test.context.BootstrapUtils - Instantiating CacheAwareContextLoaderDelegate from class [org.springframework.test.context.cache.DefaultCacheAwareContextLoaderDelegate]
10:30:34.483 [main] DEBUG org.springframework.test.context.BootstrapUtils - Instantiating BootstrapContext using constructor [public org.springframework.test.context.support.DefaultBootstrapContext(java.lang.Class,org.springframework.test.context.CacheAwareContextLoaderDelegate)]
10:30:34.556 [main] DEBUG org.springframework.test.context.BootstrapUtils - Instantiating TestContextBootstrapper for test class [cn.soa.IotUsermanagerApplicationTests] from class [org.springframework.boot.test.context.SpringBootTestContextBootstrapper]
10:30:34.695 [main] INFO org.springframework.boot.test.context.SpringBootTestContextBootstrapper - Neither @ContextConfiguration nor @ContextHierarchy found for test class [cn.soa.IotUsermanagerApplicationTests], using SpringBootContextLoader
10:30:34.700 [main] DEBUG org.springframework.test.context.support.AbstractContextLoader - Did not detect default resource location for test class [cn.soa.IotUsermanagerApplicationTests]: class path resource [cn/soa/IotUsermanagerApplicationTests-context.xml] does not exist
10:30:34.701 [main] DEBUG org.springframework.test.context.support.AbstractContextLoader - Did not detect default resource location for test class [cn.soa.IotUsermanagerApplicationTests]: class path resource [cn/soa/IotUsermanagerApplicationTestsContext.groovy] does not exist
10:30:34.701 [main] INFO org.springframework.test.context.support.AbstractContextLoader - Could not detect default resource locations for test class [cn.soa.IotUsermanagerApplicationTests]: no resource found for suffixes {-context.xml, Context.groovy}.
10:30:34.703 [main] INFO org.springframework.test.context.support.AnnotationConfigContextLoaderUtils - Could not detect default configuration classes for test class [cn.soa.IotUsermanagerApplicationTests]: IotUsermanagerApplicationTests does not declare any static, non-private, non-final, nested classes annotated with @Configuration.
10:30:34.834 [main] DEBUG org.springframework.test.context.support.ActiveProfilesUtils - Could not find an 'annotation declaring class' for annotation type [org.springframework.test.context.ActiveProfiles] and class [cn.soa.IotUsermanagerApplicationTests]
10:30:34.850 [main] DEBUG org.springframework.core.env.StandardEnvironment - Adding PropertySource 'systemProperties' with lowest search precedence
10:30:34.850 [main] DEBUG org.springframework.core.env.StandardEnvironment - Adding PropertySource 'systemEnvironment' with lowest search precedence
10:30:34.851 [main] DEBUG org.springframework.core.env.StandardEnvironment - Initialized StandardEnvironment with PropertySources [MapPropertySource@252651381 {name='systemProperties', properties={java.runtime.name=Java(TM) SE Runtime Environment, sun.boot.library.path=C:\Program Files\Java\jdk1.8.0_152\jre\bin, java.vm.version=25.152-b16, java.vm.vendor=Oracle Corporation, java.vendor.url=http://java.oracle.com/, path.separator=;, java.vm.name=Java HotSpot(TM) 64-Bit Server VM, file.encoding.pkg=sun.io, user.country=CN, user.script=, sun.java.launcher=SUN_STANDARD, sun.os.patch.level=, java.vm.specification.name=Java Virtual Machine Specification, user.dir=C:\Users\yanghua\git\iot_usermanager\iot_usermanager, java.runtime.version=1.8.0_152-b16, basedir=C:\Users\yanghua\git\iot_usermanager\iot_usermanager, java.awt.graphicsenv=sun.awt.Win32GraphicsEnvironment, java.endorsed.dirs=C:\Program Files\Java\jdk1.8.0_152\jre\lib\endorsed, os.arch=amd64, surefire.real.class.path=C:\Users\yanghua\AppData\Local\Temp\surefire6352649051189297388\surefirebooter2748759867414713366.jar, java.io.tmpdir=C:\Users\yanghua\AppData\Local\Temp\, line.separator=
, java.vm.specification.vendor=Oracle Corporation, user.variant=, os.name=Windows 10, sun.jnu.encoding=GBK, java.library.path=C:\Program Files\Java\jdk1.8.0_152\jre\bin;C:\WINDOWS\Sun\Java\bin;C:\WINDOWS\system32;C:\WINDOWS;C:/Program Files/Java/jre1.8.0_152/bin/server;C:/Program Files/Java/jre1.8.0_152/bin;C:/Program Files/Java/jre1.8.0_152/lib/amd64;C:\app\yanghua\product\11.2.0\dbhome_1\bin;C:\app\yanghua\product\11.2.0\client_1;C:\Program Files (x86)\Common Files\NetSarang;C:\ProgramData\Oracle\Java\javapath;C:\Program Files\Java\jdk1.8.0_152\bin;C:\Program Files\Java\jdk1.8.0_152\jre\bin;C:\Windows\System32;E:\eclipse my all Info\temp\webservice\apache-cxf-3.2.2\bin;E:\eclipse my all Info\apache-maven-3.5.0\bin;E:\eclipse my all Info\apache-tomcat-7.0.81\bin;C:\WINDOWS\system32;C:\WINDOWS;C:\WINDOWS\System32\Wbem;C:\WINDOWS\System32\WindowsPowerShell\v1.0\;E:\Tomacat\apache-tomcat-8.5.35\lib;E:\Tomacat\apache-tomcat-8.5.35\bin;C:\WINDOWS\System32\OpenSSH\;F:\mysql\mysql-8.0.11-winx64\bin;E:\redis;C:\Users\yanghua\AppData\Local\Microsoft\WindowsApps;;E:\eclipse company all Info\eclipse;;., surefire.test.class.path=C:\Users\yanghua\git\iot_usermanager\iot_usermanager\target\test-classes;C:\Users\yanghua\git\iot_usermanager\iot_usermanager\target\classes;E:\eclipse company all Info\company_repository_store_1\repository\org\springframework\boot\spring-boot-starter-data-rest\2.0.8.RELEASE\spring-boot-starter-data-rest-2.0.8.RELEASE.jar;E:\eclipse company all Info\company_repository_store_1\repository\org\springframework\boot\spring-boot-starter\2.0.8.RELEASE\spring-boot-starter-2.0.8.RELEASE.jar;E:\eclipse company all Info\company_repository_store_1\repository\org\yaml\snakeyaml\1.19\snakeyaml-1.19.jar;E:\eclipse company all Info\company_repository_store_1\repository\org\springframework\boot\spring-boot-starter-json\2.0.8.RELEASE\spring-boot-starter-json-2.0.8.RELEASE.jar;E:\eclipse company all Info\company_repository_store_1\repository\com\fasterxml\jackson\core\jackson-databind\2.9.8\jackson-databind-2.9.8.jar;E:\eclipse company all Info\company_repository_store_1\repository\com\fasterxml\jackson\core\jackson-core\2.9.8\jackson-core-2.9.8.jar;E:\eclipse company all Info\company_repository_store_1\repository\com\fasterxml\jackson\datatype\jackson-datatype-jdk8\2.9.8\jackson-datatype-jdk8-2.9.8.jar;E:\eclipse company all Info\company_repository_store_1\repository\com\fasterxml\jackson\datatype\jackson-datatype-jsr310\2.9.8\jackson-datatype-jsr310-2.9.8.jar;E:\eclipse company all Info\company_repository_store_1\repository\com\fasterxml\jackson\module\jackson-module-parameter-names\2.9.8\jackson-module-parameter-names-2.9.8.jar;E:\eclipse company all Info\company_repository_store_1\repository\org\springframework\data\spring-data-rest-webmvc\3.0.13.RELEASE\spring-data-rest-webmvc-3.0.13.RELEASE.jar;E:\eclipse company all Info\company_repository_store_1\repository\org\springframework\data\spring-data-rest-core\3.0.13.RELEASE\spring-data-rest-core-3.0.13.RELEASE.jar;E:\eclipse company all Info\company_repository_store_1\repository\org\springframework\hateoas\spring-hateoas\0.25.0.RELEASE\spring-hateoas-0.25.0.RELEASE.jar;E:\eclipse company all Info\company_repository_store_1\repository\org\springframework\data\spring-data-commons\2.0.13.RELEASE\spring-data-commons-2.0.13.RELEASE.jar;E:\eclipse company all Info\company_repository_store_1\repository\org\springframework\plugin\spring-plugin-core\1.2.0.RELEASE\spring-plugin-core-1.2.0.RELEASE.jar;E:\eclipse company all Info\company_repository_store_1\repository\org\atteo\evo-inflector\1.2.2\evo-inflector-1.2.2.jar;E:\eclipse company all Info\company_repository_store_1\repository\com\fasterxml\jackson\core\jackson-annotations\2.9.0\jackson-annotations-2.9.0.jar;E:\eclipse company all Info\company_repository_store_1\repository\org\springframework\boot\spring-boot-starter-thymeleaf\2.0.8.RELEASE\spring-boot-starter-thymeleaf-2.0.8.RELEASE.jar;E:\eclipse company all Info\company_repository_store_1\repository\org\thymeleaf\thymeleaf-spring5\3.0.11.RELEASE\thymeleaf-spring5-3.0.11.RELEASE.jar;E:\eclipse company all Info\company_repository_store_1\repository\org\thymeleaf\thymeleaf\3.0.11.RELEASE\thymeleaf-3.0.11.RELEASE.jar;E:\eclipse company all Info\company_repository_store_1\repository\org\attoparser\attoparser\2.0.5.RELEASE\attoparser-2.0.5.RELEASE.jar;E:\eclipse company all Info\company_repository_store_1\repository\org\unbescape\unbescape\1.1.6.RELEASE\unbescape-1.1.6.RELEASE.jar;E:\eclipse company all Info\company_repository_store_1\repository\org\thymeleaf\extras\thymeleaf-extras-java8time\3.0.2.RELEASE\thymeleaf-extras-java8time-3.0.2.RELEASE.jar;E:\eclipse company all Info\company_repository_store_1\repository\org\springframework\boot\spring-boot-starter-jdbc\2.0.8.RELEASE\spring-boot-starter-jdbc-2.0.8.RELEASE.jar;E:\eclipse company all Info\company_repository_store_1\repository\com\zaxxer\HikariCP\2.7.9\HikariCP-2.7.9.jar;E:\eclipse company all Info\company_repository_store_1\repository\org\springframework\spring-jdbc\5.0.12.RELEASE\spring-jdbc-5.0.12.RELEASE.jar;E:\eclipse company all Info\company_repository_store_1\repository\org\springframework\spring-beans\5.0.12.RELEASE\spring-beans-5.0.12.RELEASE.jar;E:\eclipse company all Info\company_repository_store_1\repository\org\springframework\spring-tx\5.0.12.RELEASE\spring-tx-5.0.12.RELEASE.jar;E:\eclipse company all Info\company_repository_store_1\repository\org\springframework\boot\spring-boot-starter-aop\2.0.8.RELEASE\spring-boot-starter-aop-2.0.8.RELEASE.jar;E:\eclipse company all Info\company_repository_store_1\repository\org\springframework\spring-aop\5.0.12.RELEASE\spring-aop-5.0.12.RELEASE.jar;E:\eclipse company all Info\company_repository_store_1\repository\org\aspectj\aspectjweaver\1.8.13\aspectjweaver-1.8.13.jar;E:\eclipse company all Info\company_repository_store_1\repository\org\springframework\boot\spring-boot-starter-web\2.0.8.RELEASE\spring-boot-starter-web-2.0.8.RELEASE.jar;E:\eclipse company all Info\company_repository_store_1\repository\org\hibernate\validator\hibernate-validator\6.0.14.Final\hibernate-validator-6.0.14.Final.jar;E:\eclipse company all Info\company_repository_store_1\repository\javax\validation\validation-api\2.0.1.Final\validation-api-2.0.1.Final.jar;E:\eclipse company all Info\company_repository_store_1\repository\org\jboss\logging\jboss-logging\3.3.2.Final\jboss-logging-3.3.2.Final.jar;E:\eclipse company all Info\company_repository_store_1\repository\com\fasterxml\classmate\1.3.4\classmate-1.3.4.jar;E:\eclipse company all Info\company_repository_store_1\repository\org\springframework\spring-web\5.0.12.RELEASE\spring-web-5.0.12.RELEASE.jar;E:\eclipse company all Info\company_repository_store_1\repository\org\springframework\spring-webmvc\5.0.12.RELEASE\spring-webmvc-5.0.12.RELEASE.jar;E:\eclipse company all Info\company_repository_store_1\repository\org\springframework\spring-context\5.0.12.RELEASE\spring-context-5.0.12.RELEASE.jar;E:\eclipse company all Info\company_repository_store_1\repository\org\springframework\spring-expression\5.0.12.RELEASE\spring-expression-5.0.12.RELEASE.jar;E:\eclipse company all Info\company_repository_store_1\repository\org\springframework\boot\spring-boot-starter-websocket\2.0.8.RELEASE\spring-boot-starter-websocket-2.0.8.RELEASE.jar;E:\eclipse company all Info\company_repository_store_1\repository\org\springframework\spring-messaging\5.0.12.RELEASE\spring-messaging-5.0.12.RELEASE.jar;E:\eclipse company all Info\company_repository_store_1\repository\org\springframework\spring-websocket\5.0.12.RELEASE\spring-websocket-5.0.12.RELEASE.jar;E:\eclipse company all Info\company_repository_store_1\repository\org\mybatis\spring\boot\mybatis-spring-boot-starter\1.3.2\mybatis-spring-boot-starter-1.3.2.jar;E:\eclipse company all Info\company_repository_store_1\repository\org\mybatis\spring\boot\mybatis-spring-boot-autoconfigure\1.3.2\mybatis-spring-boot-autoconfigure-1.3.2.jar;E:\eclipse company all Info\company_repository_store_1\repository\org\mybatis\mybatis\3.4.6\mybatis-3.4.6.jar;E:\eclipse company all Info\company_repository_store_1\repository\org\mybatis\mybatis-spring\1.3.2\mybatis-spring-1.3.2.jar;E:\eclipse company all Info\company_repository_store_1\repository\org\springframework\boot\spring-boot-starter-test\2.0.8.RELEASE\spring-boot-starter-test-2.0.8.RELEASE.jar;E:\eclipse company all Info\company_repository_store_1\repository\org\springframework\boot\spring-boot-test\2.0.8.RELEASE\spring-boot-test-2.0.8.RELEASE.jar;E:\eclipse company all Info\company_repository_store_1\repository\org\springframework\boot\spring-boot-test-autoconfigure\2.0.8.RELEASE\spring-boot-test-autoconfigure-2.0.8.RELEASE.jar;E:\eclipse company all Info\company_repository_store_1\repository\com\jayway\jsonpath\json-path\2.4.0\json-path-2.4.0.jar;E:\eclipse company all Info\company_repository_store_1\repository\net\minidev\json-smart\2.3\json-smart-2.3.jar;E:\eclipse company all Info\company_repository_store_1\repository\net\minidev\accessors-smart\1.2\accessors-smart-1.2.jar;E:\eclipse company all Info\company_repository_store_1\repository\org\ow2\asm\asm\5.0.4\asm-5.0.4.jar;E:\eclipse company all Info\company_repository_store_1\repository\junit\junit\4.12\junit-4.12.jar;E:\eclipse company all Info\company_repository_store_1\repository\org\assertj\assertj-core\3.9.1\assertj-core-3.9.1.jar;E:\eclipse company all Info\company_repository_store_1\repository\org\mockito\mockito-core\2.15.0\mockito-core-2.15.0.jar;E:\eclipse company all Info\company_repository_store_1\repository\net\bytebuddy\byte-buddy\1.7.11\byte-buddy-1.7.11.jar;E:\eclipse company all Info\company_repository_store_1\repository\net\bytebuddy\byte-buddy-agent\1.7.11\byte-buddy-agent-1.7.11.jar;E:\eclipse company all Info\company_repository_store_1\repository\org\objenesis\objenesis\2.6\objenesis-2.6.jar;E:\eclipse company all Info\company_repository_store_1\repository\org\hamcrest\hamcrest-core\1.3\hamcrest-core-1.3.jar;E:\eclipse company all Info\company_repository_store_1\repository\org\hamcrest\hamcrest-library\1.3\hamcrest-library-1.3.jar;E:\eclipse company all Info\company_repository_store_1\repository\org\skyscreamer\jsonassert\1.5.0\jsonassert-1.5.0.jar;E:\eclipse company all Info\company_repository_store_1\repository\com\vaadin\external\google\android-json\0.0.20131108.vaadin1\android-json-0.0.20131108.vaadin1.jar;E:\eclipse company all Info\company_repository_store_1\repository\org\springframework\spring-core\5.0.12.RELEASE\spring-core-5.0.12.RELEASE.jar;E:\eclipse company all Info\company_repository_store_1\repository\org\springframework\spring-jcl\5.0.12.RELEASE\spring-jcl-5.0.12.RELEASE.jar;E:\eclipse company all Info\company_repository_store_1\repository\org\springframework\spring-test\5.0.12.RELEASE\spring-test-5.0.12.RELEASE.jar;E:\eclipse company all Info\company_repository_store_1\repository\org\xmlunit\xmlunit-core\2.5.1\xmlunit-core-2.5.1.jar;E:\eclipse company all Info\company_repository_store_1\repository\org\springframework\boot\spring-boot-starter-logging\2.0.8.RELEASE\spring-boot-starter-logging-2.0.8.RELEASE.jar;E:\eclipse company all Info\company_repository_store_1\repository\ch\qos\logback\logback-classic\1.2.3\logback-classic-1.2.3.jar;E:\eclipse company all Info\company_repository_store_1\repository\org\apache\logging\log4j\log4j-to-slf4j\2.10.0\log4j-to-slf4j-2.10.0.jar;E:\eclipse company all Info\company_repository_store_1\repository\org\apache\logging\log4j\log4j-api\2.10.0\log4j-api-2.10.0.jar;E:\eclipse company all Info\company_repository_store_1\repository\org\slf4j\jul-to-slf4j\1.7.25\jul-to-slf4j-1.7.25.jar;E:\eclipse company all Info\company_repository_store_1\repository\org\springframework\boot\spring-boot-devtools\2.0.8.RELEASE\spring-boot-devtools-2.0.8.RELEASE.jar;E:\eclipse company all Info\company_repository_store_1\repository\org\springframework\boot\spring-boot\2.0.8.RELEASE\spring-boot-2.0.8.RELEASE.jar;E:\eclipse company all Info\company_repository_store_1\repository\org\springframework\boot\spring-boot-autoconfigure\2.0.8.RELEASE\spring-boot-autoconfigure-2.0.8.RELEASE.jar;E:\eclipse company all Info\company_repository_store_1\repository\cn\easyproject\ojdbc6\12.1.0.2.0\ojdbc6-12.1.0.2.0.jar;E:\eclipse company all Info\company_repository_store_1\repository\com\alibaba\druid-spring-boot-starter\1.1.10\druid-spring-boot-starter-1.1.10.jar;E:\eclipse company all Info\company_repository_store_1\repository\com\alibaba\druid\1.1.10\druid-1.1.10.jar;E:\eclipse company all Info\company_repository_store_1\repository\org\slf4j\slf4j-api\1.7.25\slf4j-api-1.7.25.jar;E:\eclipse company all Info\company_repository_store_1\repository\org\springframework\boot\spring-boot-starter-tomcat\2.0.8.RELEASE\spring-boot-starter-tomcat-2.0.8.RELEASE.jar;E:\eclipse company all Info\company_repository_store_1\repository\javax\annotation\javax.annotation-api\1.3.2\javax.annotation-api-1.3.2.jar;E:\eclipse company all Info\company_repository_store_1\repository\org\apache\tomcat\embed\tomcat-embed-core\8.5.37\tomcat-embed-core-8.5.37.jar;E:\eclipse company all Info\company_repository_store_1\repository\org\apache\tomcat\embed\tomcat-embed-el\8.5.37\tomcat-embed-el-8.5.37.jar;E:\eclipse company all Info\company_repository_store_1\repository\org\apache\tomcat\embed\tomcat-embed-websocket\8.5.37\tomcat-embed-websocket-8.5.37.jar;E:\eclipse company all Info\company_repository_store_1\repository\org\apache\shiro\shiro-spring\1.4.0\shiro-spring-1.4.0.jar;E:\eclipse company all Info\company_repository_store_1\repository\org\apache\shiro\shiro-core\1.4.0\shiro-core-1.4.0.jar;E:\eclipse company all Info\company_repository_store_1\repository\org\apache\shiro\shiro-lang\1.4.0\shiro-lang-1.4.0.jar;E:\eclipse company all Info\company_repository_store_1\repository\org\apache\shiro\shiro-crypto-hash\1.4.0\shiro-crypto-hash-1.4.0.jar;E:\eclipse company all Info\company_repository_store_1\repository\org\apache\shiro\shiro-crypto-core\1.4.0\shiro-crypto-core-1.4.0.jar;E:\eclipse company all Info\company_repository_store_1\repository\org\apache\shiro\shiro-crypto-cipher\1.4.0\shiro-crypto-cipher-1.4.0.jar;E:\eclipse company all Info\company_repository_store_1\repository\org\apache\shiro\shiro-config-core\1.4.0\shiro-config-core-1.4.0.jar;E:\eclipse company all Info\company_repository_store_1\repository\org\apache\shiro\shiro-config-ogdl\1.4.0\shiro-config-ogdl-1.4.0.jar;E:\eclipse company all Info\company_repository_store_1\repository\commons-beanutils\commons-beanutils\1.9.3\commons-beanutils-1.9.3.jar;E:\eclipse company all Info\company_repository_store_1\repository\commons-collections\commons-collections\3.2.2\commons-collections-3.2.2.jar;E:\eclipse company all Info\company_repository_store_1\repository\org\apache\shiro\shiro-event\1.4.0\shiro-event-1.4.0.jar;E:\eclipse company all Info\company_repository_store_1\repository\org\apache\shiro\shiro-web\1.4.0\shiro-web-1.4.0.jar;E:\eclipse company all Info\company_repository_store_1\repository\org\apache\shiro\shiro-ehcache\1.4.0\shiro-ehcache-1.4.0.jar;E:\eclipse company all Info\company_repository_store_1\repository\org\apache\shiro\shiro-cache\1.4.0\shiro-cache-1.4.0.jar;E:\eclipse company all Info\company_repository_store_1\repository\net\sf\ehcache\ehcache-core\2.6.11\ehcache-core-2.6.11.jar;E:\eclipse company all Info\company_repository_store_1\repository\com\google\code\gson\gson\2.8.5\gson-2.8.5.jar;E:\eclipse company all Info\company_repository_store_1\repository\commons-lang\commons-lang\2.6\commons-lang-2.6-sources.jar;E:\eclipse company all Info\company_repository_store_1\repository\org\projectlombok\lombok\1.16.22\lombok-1.16.22.jar;E:\eclipse company all Info\company_repository_store_1\repository\ch\qos\logback\logback-core\1.2.3\logback-core-1.2.3.jar;, java.specification.name=Java Platform API Specification, java.class.version=52.0, sun.management.compiler=HotSpot 64-Bit Tiered Compilers, os.version=10.0, user.home=C:\Users\yanghua, user.timezone=Asia/Shanghai, java.awt.printerjob=sun.awt.windows.WPrinterJob, file.encoding=GBK, java.specification.version=1.8, java.class.path=C:\Users\yanghua\git\iot_usermanager\iot_usermanager\target\test-classes;C:\Users\yanghua\git\iot_usermanager\iot_usermanager\target\classes;E:\eclipse company all Info\company_repository_store_1\repository\org\springframework\boot\spring-boot-starter-data-rest\2.0.8.RELEASE\spring-boot-starter-data-rest-2.0.8.RELEASE.jar;E:\eclipse company all Info\company_repository_store_1\repository\org\springframework\boot\spring-boot-starter\2.0.8.RELEASE\spring-boot-starter-2.0.8.RELEASE.jar;E:\eclipse company all Info\company_repository_store_1\repository\org\yaml\snakeyaml\1.19\snakeyaml-1.19.jar;E:\eclipse company all Info\company_repository_store_1\repository\org\springframework\boot\spring-boot-starter-json\2.0.8.RELEASE\spring-boot-starter-json-2.0.8.RELEASE.jar;E:\eclipse company all Info\company_repository_store_1\repository\com\fasterxml\jackson\core\jackson-databind\2.9.8\jackson-databind-2.9.8.jar;E:\eclipse company all Info\company_repository_store_1\repository\com\fasterxml\jackson\core\jackson-core\2.9.8\jackson-core-2.9.8.jar;E:\eclipse company all Info\company_repository_store_1\repository\com\fasterxml\jackson\datatype\jackson-datatype-jdk8\2.9.8\jackson-datatype-jdk8-2.9.8.jar;E:\eclipse company all Info\company_repository_store_1\repository\com\fasterxml\jackson\datatype\jackson-datatype-jsr310\2.9.8\jackson-datatype-jsr310-2.9.8.jar;E:\eclipse company all Info\company_repository_store_1\repository\com\fasterxml\jackson\module\jackson-module-parameter-names\2.9.8\jackson-module-parameter-names-2.9.8.jar;E:\eclipse company all Info\company_repository_store_1\repository\org\springframework\data\spring-data-rest-webmvc\3.0.13.RELEASE\spring-data-rest-webmvc-3.0.13.RELEASE.jar;E:\eclipse company all Info\company_repository_store_1\repository\org\springframework\data\spring-data-rest-core\3.0.13.RELEASE\spring-data-rest-core-3.0.13.RELEASE.jar;E:\eclipse company all Info\company_repository_store_1\repository\org\springframework\hateoas\spring-hateoas\0.25.0.RELEASE\spring-hateoas-0.25.0.RELEASE.jar;E:\eclipse company all Info\company_repository_store_1\repository\org\springframework\data\spring-data-commons\2.0.13.RELEASE\spring-data-commons-2.0.13.RELEASE.jar;E:\eclipse company all Info\company_repository_store_1\repository\org\springframework\plugin\spring-plugin-core\1.2.0.RELEASE\spring-plugin-core-1.2.0.RELEASE.jar;E:\eclipse company all Info\company_repository_store_1\repository\org\atteo\evo-inflector\1.2.2\evo-inflector-1.2.2.jar;E:\eclipse company all Info\company_repository_store_1\repository\com\fasterxml\jackson\core\jackson-annotations\2.9.0\jackson-annotations-2.9.0.jar;E:\eclipse company all Info\company_repository_store_1\repository\org\springframework\boot\spring-boot-starter-thymeleaf\2.0.8.RELEASE\spring-boot-starter-thymeleaf-2.0.8.RELEASE.jar;E:\eclipse company all Info\company_repository_store_1\repository\org\thymeleaf\thymeleaf-spring5\3.0.11.RELEASE\thymeleaf-spring5-3.0.11.RELEASE.jar;E:\eclipse company all Info\company_repository_store_1\repository\org\thymeleaf\thymeleaf\3.0.11.RELEASE\thymeleaf-3.0.11.RELEASE.jar;E:\eclipse company all Info\company_repository_store_1\repository\org\attoparser\attoparser\2.0.5.RELEASE\attoparser-2.0.5.RELEASE.jar;E:\eclipse company all Info\company_repository_store_1\repository\org\unbescape\unbescape\1.1.6.RELEASE\unbescape-1.1.6.RELEASE.jar;E:\eclipse company all Info\company_repository_store_1\repository\org\thymeleaf\extras\thymeleaf-extras-java8time\3.0.2.RELEASE\thymeleaf-extras-java8time-3.0.2.RELEASE.jar;E:\eclipse company all Info\company_repository_store_1\repository\org\springframework\boot\spring-boot-starter-jdbc\2.0.8.RELEASE\spring-boot-starter-jdbc-2.0.8.RELEASE.jar;E:\eclipse company all Info\company_repository_store_1\repository\com\zaxxer\HikariCP\2.7.9\HikariCP-2.7.9.jar;E:\eclipse company all Info\company_repository_store_1\repository\org\springframework\spring-jdbc\5.0.12.RELEASE\spring-jdbc-5.0.12.RELEASE.jar;E:\eclipse company all Info\company_repository_store_1\repository\org\springframework\spring-beans\5.0.12.RELEASE\spring-beans-5.0.12.RELEASE.jar;E:\eclipse company all Info\company_repository_store_1\repository\org\springframework\spring-tx\5.0.12.RELEASE\spring-tx-5.0.12.RELEASE.jar;E:\eclipse company all Info\company_repository_store_1\repository\org\springframework\boot\spring-boot-starter-aop\2.0.8.RELEASE\spring-boot-starter-aop-2.0.8.RELEASE.jar;E:\eclipse company all Info\company_repository_store_1\repository\org\springframework\spring-aop\5.0.12.RELEASE\spring-aop-5.0.12.RELEASE.jar;E:\eclipse company all Info\company_repository_store_1\repository\org\aspectj\aspectjweaver\1.8.13\aspectjweaver-1.8.13.jar;E:\eclipse company all Info\company_repository_store_1\repository\org\springframework\boot\spring-boot-starter-web\2.0.8.RELEASE\spring-boot-starter-web-2.0.8.RELEASE.jar;E:\eclipse company all Info\company_repository_store_1\repository\org\hibernate\validator\hibernate-validator\6.0.14.Final\hibernate-validator-6.0.14.Final.jar;E:\eclipse company all Info\company_repository_store_1\repository\javax\validation\validation-api\2.0.1.Final\validation-api-2.0.1.Final.jar;E:\eclipse company all Info\company_repository_store_1\repository\org\jboss\logging\jboss-logging\3.3.2.Final\jboss-logging-3.3.2.Final.jar;E:\eclipse company all Info\company_repository_store_1\repository\com\fasterxml\classmate\1.3.4\classmate-1.3.4.jar;E:\eclipse company all Info\company_repository_store_1\repository\org\springframework\spring-web\5.0.12.RELEASE\spring-web-5.0.12.RELEASE.jar;E:\eclipse company all Info\company_repository_store_1\repository\org\springframework\spring-webmvc\5.0.12.RELEASE\spring-webmvc-5.0.12.RELEASE.jar;E:\eclipse company all Info\company_repository_store_1\repository\org\springframework\spring-context\5.0.12.RELEASE\spring-context-5.0.12.RELEASE.jar;E:\eclipse company all Info\company_repository_store_1\repository\org\springframework\spring-expression\5.0.12.RELEASE\spring-expression-5.0.12.RELEASE.jar;E:\eclipse company all Info\company_repository_store_1\repository\org\springframework\boot\spring-boot-starter-websocket\2.0.8.RELEASE\spring-boot-starter-websocket-2.0.8.RELEASE.jar;E:\eclipse company all Info\company_repository_store_1\repository\org\springframework\spring-messaging\5.0.12.RELEASE\spring-messaging-5.0.12.RELEASE.jar;E:\eclipse company all Info\company_repository_store_1\repository\org\springframework\spring-websocket\5.0.12.RELEASE\spring-websocket-5.0.12.RELEASE.jar;E:\eclipse company all Info\company_repository_store_1\repository\org\mybatis\spring\boot\mybatis-spring-boot-starter\1.3.2\mybatis-spring-boot-starter-1.3.2.jar;E:\eclipse company all Info\company_repository_store_1\repository\org\mybatis\spring\boot\mybatis-spring-boot-autoconfigure\1.3.2\mybatis-spring-boot-autoconfigure-1.3.2.jar;E:\eclipse company all Info\company_repository_store_1\repository\org\mybatis\mybatis\3.4.6\mybatis-3.4.6.jar;E:\eclipse company all Info\company_repository_store_1\repository\org\mybatis\mybatis-spring\1.3.2\mybatis-spring-1.3.2.jar;E:\eclipse company all Info\company_repository_store_1\repository\org\springframework\boot\spring-boot-starter-test\2.0.8.RELEASE\spring-boot-starter-test-2.0.8.RELEASE.jar;E:\eclipse company all Info\company_repository_store_1\repository\org\springframework\boot\spring-boot-test\2.0.8.RELEASE\spring-boot-test-2.0.8.RELEASE.jar;E:\eclipse company all Info\company_repository_store_1\repository\org\springframework\boot\spring-boot-test-autoconfigure\2.0.8.RELEASE\spring-boot-test-autoconfigure-2.0.8.RELEASE.jar;E:\eclipse company all Info\company_repository_store_1\repository\com\jayway\jsonpath\json-path\2.4.0\json-path-2.4.0.jar;E:\eclipse company all Info\company_repository_store_1\repository\net\minidev\json-smart\2.3\json-smart-2.3.jar;E:\eclipse company all Info\company_repository_store_1\repository\net\minidev\accessors-smart\1.2\accessors-smart-1.2.jar;E:\eclipse company all Info\company_repository_store_1\repository\org\ow2\asm\asm\5.0.4\asm-5.0.4.jar;E:\eclipse company all Info\company_repository_store_1\repository\junit\junit\4.12\junit-4.12.jar;E:\eclipse company all Info\company_repository_store_1\repository\org\assertj\assertj-core\3.9.1\assertj-core-3.9.1.jar;E:\eclipse company all Info\company_repository_store_1\repository\org\mockito\mockito-core\2.15.0\mockito-core-2.15.0.jar;E:\eclipse company all Info\company_repository_store_1\repository\net\bytebuddy\byte-buddy\1.7.11\byte-buddy-1.7.11.jar;E:\eclipse company all Info\company_repository_store_1\repository\net\bytebuddy\byte-buddy-agent\1.7.11\byte-buddy-agent-1.7.11.jar;E:\eclipse company all Info\company_repository_store_1\repository\org\objenesis\objenesis\2.6\objenesis-2.6.jar;E:\eclipse company all Info\company_repository_store_1\repository\org\hamcrest\hamcrest-core\1.3\hamcrest-core-1.3.jar;E:\eclipse company all Info\company_repository_store_1\repository\org\hamcrest\hamcrest-library\1.3\hamcrest-library-1.3.jar;E:\eclipse company all Info\company_repository_store_1\repository\org\skyscreamer\jsonassert\1.5.0\jsonassert-1.5.0.jar;E:\eclipse company all Info\company_repository_store_1\repository\com\vaadin\external\google\android-json\0.0.20131108.vaadin1\android-json-0.0.20131108.vaadin1.jar;E:\eclipse company all Info\company_repository_store_1\repository\org\springframework\spring-core\5.0.12.RELEASE\spring-core-5.0.12.RELEASE.jar;E:\eclipse company all Info\company_repository_store_1\repository\org\springframework\spring-jcl\5.0.12.RELEASE\spring-jcl-5.0.12.RELEASE.jar;E:\eclipse company all Info\company_repository_store_1\repository\org\springframework\spring-test\5.0.12.RELEASE\spring-test-5.0.12.RELEASE.jar;E:\eclipse company all Info\company_repository_store_1\repository\org\xmlunit\xmlunit-core\2.5.1\xmlunit-core-2.5.1.jar;E:\eclipse company all Info\company_repository_store_1\repository\org\springframework\boot\spring-boot-starter-logging\2.0.8.RELEASE\spring-boot-starter-logging-2.0.8.RELEASE.jar;E:\eclipse company all Info\company_repository_store_1\repository\ch\qos\logback\logback-classic\1.2.3\logback-classic-1.2.3.jar;E:\eclipse company all Info\company_repository_store_1\repository\org\apache\logging\log4j\log4j-to-slf4j\2.10.0\log4j-to-slf4j-2.10.0.jar;E:\eclipse company all Info\company_repository_store_1\repository\org\apache\logging\log4j\log4j-api\2.10.0\log4j-api-2.10.0.jar;E:\eclipse company all Info\company_repository_store_1\repository\org\slf4j\jul-to-slf4j\1.7.25\jul-to-slf4j-1.7.25.jar;E:\eclipse company all Info\company_repository_store_1\repository\org\springframework\boot\spring-boot-devtools\2.0.8.RELEASE\spring-boot-devtools-2.0.8.RELEASE.jar;E:\eclipse company all Info\company_repository_store_1\repository\org\springframework\boot\spring-boot\2.0.8.RELEASE\spring-boot-2.0.8.RELEASE.jar;E:\eclipse company all Info\company_repository_store_1\repository\org\springframework\boot\spring-boot-autoconfigure\2.0.8.RELEASE\spring-boot-autoconfigure-2.0.8.RELEASE.jar;E:\eclipse company all Info\company_repository_store_1\repository\cn\easyproject\ojdbc6\12.1.0.2.0\ojdbc6-12.1.0.2.0.jar;E:\eclipse company all Info\company_repository_store_1\repository\com\alibaba\druid-spring-boot-starter\1.1.10\druid-spring-boot-starter-1.1.10.jar;E:\eclipse company all Info\company_repository_store_1\repository\com\alibaba\druid\1.1.10\druid-1.1.10.jar;E:\eclipse company all Info\company_repository_store_1\repository\org\slf4j\slf4j-api\1.7.25\slf4j-api-1.7.25.jar;E:\eclipse company all Info\company_repository_store_1\repository\org\springframework\boot\spring-boot-starter-tomcat\2.0.8.RELEASE\spring-boot-starter-tomcat-2.0.8.RELEASE.jar;E:\eclipse company all Info\company_repository_store_1\repository\javax\annotation\javax.annotation-api\1.3.2\javax.annotation-api-1.3.2.jar;E:\eclipse company all Info\company_repository_store_1\repository\org\apache\tomcat\embed\tomcat-embed-core\8.5.37\tomcat-embed-core-8.5.37.jar;E:\eclipse company all Info\company_repository_store_1\repository\org\apache\tomcat\embed\tomcat-embed-el\8.5.37\tomcat-embed-el-8.5.37.jar;E:\eclipse company all Info\company_repository_store_1\repository\org\apache\tomcat\embed\tomcat-embed-websocket\8.5.37\tomcat-embed-websocket-8.5.37.jar;E:\eclipse company all Info\company_repository_store_1\repository\org\apache\shiro\shiro-spring\1.4.0\shiro-spring-1.4.0.jar;E:\eclipse company all Info\company_repository_store_1\repository\org\apache\shiro\shiro-core\1.4.0\shiro-core-1.4.0.jar;E:\eclipse company all Info\company_repository_store_1\repository\org\apache\shiro\shiro-lang\1.4.0\shiro-lang-1.4.0.jar;E:\eclipse company all Info\company_repository_store_1\repository\org\apache\shiro\shiro-crypto-hash\1.4.0\shiro-crypto-hash-1.4.0.jar;E:\eclipse company all Info\company_repository_store_1\repository\org\apache\shiro\shiro-crypto-core\1.4.0\shiro-crypto-core-1.4.0.jar;E:\eclipse company all Info\company_repository_store_1\repository\org\apache\shiro\shiro-crypto-cipher\1.4.0\shiro-crypto-cipher-1.4.0.jar;E:\eclipse company all Info\company_repository_store_1\repository\org\apache\shiro\shiro-config-core\1.4.0\shiro-config-core-1.4.0.jar;E:\eclipse company all Info\company_repository_store_1\repository\org\apache\shiro\shiro-config-ogdl\1.4.0\shiro-config-ogdl-1.4.0.jar;E:\eclipse company all Info\company_repository_store_1\repository\commons-beanutils\commons-beanutils\1.9.3\commons-beanutils-1.9.3.jar;E:\eclipse company all Info\company_repository_store_1\repository\commons-collections\commons-collections\3.2.2\commons-collections-3.2.2.jar;E:\eclipse company all Info\company_repository_store_1\repository\org\apache\shiro\shiro-event\1.4.0\shiro-event-1.4.0.jar;E:\eclipse company all Info\company_repository_store_1\repository\org\apache\shiro\shiro-web\1.4.0\shiro-web-1.4.0.jar;E:\eclipse company all Info\company_repository_store_1\repository\org\apache\shiro\shiro-ehcache\1.4.0\shiro-ehcache-1.4.0.jar;E:\eclipse company all Info\company_repository_store_1\repository\org\apache\shiro\shiro-cache\1.4.0\shiro-cache-1.4.0.jar;E:\eclipse company all Info\company_repository_store_1\repository\net\sf\ehcache\ehcache-core\2.6.11\ehcache-core-2.6.11.jar;E:\eclipse company all Info\company_repository_store_1\repository\com\google\code\gson\gson\2.8.5\gson-2.8.5.jar;E:\eclipse company all Info\company_repository_store_1\repository\commons-lang\commons-lang\2.6\commons-lang-2.6-sources.jar;E:\eclipse company all Info\company_repository_store_1\repository\org\projectlombok\lombok\1.16.22\lombok-1.16.22.jar;E:\eclipse company all Info\company_repository_store_1\repository\ch\qos\logback\logback-core\1.2.3\logback-core-1.2.3.jar;, user.name=yanghua, java.vm.specification.version=1.8, sun.java.command=C:\Users\yanghua\AppData\Local\Temp\surefire6352649051189297388\surefirebooter2748759867414713366.jar C:\Users\yanghua\AppData\Local\Temp\surefire6352649051189297388 2019-02-11T10-30-31_934-jvmRun1 surefire7157760572169985184tmp surefire_01677538840027172501tmp, java.home=C:\Program Files\Java\jdk1.8.0_152\jre, sun.arch.data.model=64, user.language=zh, java.specification.vendor=Oracle Corporation, awt.toolkit=sun.awt.windows.WToolkit, java.vm.info=mixed mode, java.version=1.8.0_152, java.ext.dirs=C:\Program Files\Java\jdk1.8.0_152\jre\lib\ext;C:\WINDOWS\Sun\Java\lib\ext, sun.boot.class.path=C:\Program Files\Java\jdk1.8.0_152\jre\lib\resources.jar;C:\Program Files\Java\jdk1.8.0_152\jre\lib\rt.jar;C:\Program Files\Java\jdk1.8.0_152\jre\lib\sunrsasign.jar;C:\Program Files\Java\jdk1.8.0_152\jre\lib\jsse.jar;C:\Program Files\Java\jdk1.8.0_152\jre\lib\jce.jar;C:\Program Files\Java\jdk1.8.0_152\jre\lib\charsets.jar;C:\Program Files\Java\jdk1.8.0_152\jre\lib\jfr.jar;C:\Program Files\Java\jdk1.8.0_152\jre\classes, java.vendor=Oracle Corporation, localRepository=E:\eclipse company all Info\company_repository_store_1\repository, file.separator=\, java.vendor.url.bug=http://bugreport.sun.com/bugreport/, sun.io.unicode.encoding=UnicodeLittle, sun.cpu.endian=little, sun.desktop=windows, sun.cpu.isalist=amd64}}, SystemEnvironmentPropertySource@1514840818 {name='systemEnvironment', properties={PATH=C:/Program Files/Java/jre1.8.0_152/bin/server;C:/Program Files/Java/jre1.8.0_152/bin;C:/Program Files/Java/jre1.8.0_152/lib/amd64;C:\app\yanghua\product\11.2.0\dbhome_1\bin;C:\app\yanghua\product\11.2.0\client_1;C:\Program Files (x86)\Common Files\NetSarang;C:\ProgramData\Oracle\Java\javapath;C:\Program Files\Java\jdk1.8.0_152\bin;C:\Program Files\Java\jdk1.8.0_152\jre\bin;C:\Windows\System32;E:\eclipse my all Info\temp\webservice\apache-cxf-3.2.2\bin;E:\eclipse my all Info\apache-maven-3.5.0\bin;E:\eclipse my all Info\apache-tomcat-7.0.81\bin;C:\WINDOWS\system32;C:\WINDOWS;C:\WINDOWS\System32\Wbem;C:\WINDOWS\System32\WindowsPowerShell\v1.0\;E:\Tomacat\apache-tomcat-8.5.35\lib;E:\Tomacat\apache-tomcat-8.5.35\bin;C:\WINDOWS\System32\OpenSSH\;F:\mysql\mysql-8.0.11-winx64\bin;E:\redis;C:\Users\yanghua\AppData\Local\Microsoft\WindowsApps;;E:\eclipse company all Info\eclipse;, USERDOMAIN_ROAMINGPROFILE=DESKTOP-OLALM0I, LOCALAPPDATA=C:\Users\yanghua\AppData\Local, PROCESSOR_LEVEL=6, SYSTEMDRIVE=C:, COMMONPROGRAMFILES(X86)=C:\Program Files (x86)\Common Files, USERDOMAIN=DESKTOP-OLALM0I, FPS_BROWSER_APP_PROFILE_STRING=Internet Explorer, LOGONSERVER=\\DESKTOP-OLALM0I, JAVA_HOME=C:\Program Files\Java\jdk1.8.0_152, PROMPT=$P$G, SESSIONNAME=Console, ALLUSERSPROFILE=C:\ProgramData, PROGRAMFILES(X86)=C:\Program Files (x86), PROCESSOR_ARCHITECTURE=AMD64, CXF_HOME=E:\eclipse my all Info\temp\webservice\apache-cxf-3.2.2, DRIVERDATA=C:\Windows\System32\Drivers\DriverData, CATALINA_BASE=E:\Tomacat\apache-tomcat-8.5.35, MAVEN_HOME=E:\eclipse my all Info\apache-maven-3.5.0, PROGRAMFILES=C:\Program Files, =C:=C:\Users\yanghua\git\iot_usermanager\iot_usermanager, APPDATA=C:\Users\yanghua\AppData\Roaming, PSMODULEPATH=C:\Program Files\WindowsPowerShell\Modules;C:\WINDOWS\system32\WindowsPowerShell\v1.0\Modules, PROGRAMW6432=C:\Program Files, PROGRAMDATA=C:\ProgramData, SYSTEMROOT=C:\WINDOWS, USERNAME=yanghua, FPS_BROWSER_USER_PROFILE_STRING=Default, PATHEXT=.COM;.EXE;.BAT;.CMD;.VBS;.VBE;.JS;.JSE;.WSF;.WSH;.MSC, OS=Windows_NT, COMMONPROGRAMW6432=C:\Program Files\Common Files, COMPUTERNAME=DESKTOP-OLALM0I, COMMONPROGRAMFILES=C:\Program Files\Common Files, COMSPEC=C:\WINDOWS\system32\cmd.exe, CATALINA_HOME=E:\Tomacat\apache-tomcat-8.5.35, PROCESSOR_REVISION=5e03, CLASSPATH=.;C:\Program Files\Java\jdk1.8.0_152\lib;C:\Program Files\Java\jdk1.8.0_152\lib\tools.jar;E:\eclipse my all Info\temp\webservice\apache-cxf-3.2.2\lib\cxf-manifest.jar, NLS_LANG=SIMPLIFIED CHINESE_CHINA.ZHS16GBK, WINDIR=C:\WINDOWS, HOMEPATH=\Users\yanghua, TEMP=C:\Users\yanghua\AppData\Local\Temp, HOMEDRIVE=C:, PROCESSOR_IDENTIFIER=Intel64 Family 6 Model 94 Stepping 3, GenuineIntel, USERPROFILE=C:\Users\yanghua, TMP=C:\Users\yanghua\AppData\Local\Temp, PUBLIC=C:\Users\Public, NUMBER_OF_PROCESSORS=4, =::=::\}}]
10:30:34.905 [main] DEBUG org.springframework.core.io.support.PathMatchingResourcePatternResolver - Resolved classpath location [cn/soa/] to resources [URL [file:/C:/Users/yanghua/git/iot_usermanager/iot_usermanager/target/test-classes/cn/soa/], URL [file:/C:/Users/yanghua/git/iot_usermanager/iot_usermanager/target/classes/cn/soa/]]
10:30:34.905 [main] DEBUG org.springframework.core.io.support.PathMatchingResourcePatternResolver - Looking for matching resources in directory tree [C:\Users\yanghua\git\iot_usermanager\iot_usermanager\target\test-classes\cn\soa]
10:30:34.906 [main] DEBUG org.springframework.core.io.support.PathMatchingResourcePatternResolver - Searching directory [C:\Users\yanghua\git\iot_usermanager\iot_usermanager\target\test-classes\cn\soa] for files matching pattern [C:/Users/yanghua/git/iot_usermanager/iot_usermanager/target/test-classes/cn/soa/*.class]
10:30:34.909 [main] DEBUG org.springframework.core.io.support.PathMatchingResourcePatternResolver - Looking for matching resources in directory tree [C:\Users\yanghua\git\iot_usermanager\iot_usermanager\target\classes\cn\soa]
10:30:34.910 [main] DEBUG org.springframework.core.io.support.PathMatchingResourcePatternResolver - Searching directory [C:\Users\yanghua\git\iot_usermanager\iot_usermanager\target\classes\cn\soa] for files matching pattern [C:/Users/yanghua/git/iot_usermanager/iot_usermanager/target/classes/cn/soa/*.class]
10:30:34.913 [main] DEBUG org.springframework.core.io.support.PathMatchingResourcePatternResolver - Resolved location pattern [classpath*:cn/soa/*.class] to resources [file [C:\Users\yanghua\git\iot_usermanager\iot_usermanager\target\test-classes\cn\soa\IotUsermanagerApplicationTests.class], file [C:\Users\yanghua\git\iot_usermanager\iot_usermanager\target\classes\cn\soa\IotUsermanagerApplication.class]]
10:30:35.208 [main] DEBUG org.springframework.context.annotation.ClassPathScanningCandidateComponentProvider - Identified candidate component class: file [C:\Users\yanghua\git\iot_usermanager\iot_usermanager\target\classes\cn\soa\IotUsermanagerApplication.class]
10:30:35.209 [main] INFO org.springframework.boot.test.context.SpringBootTestContextBootstrapper - Found @SpringBootConfiguration cn.soa.IotUsermanagerApplication for test class cn.soa.IotUsermanagerApplicationTests
10:30:35.820 [main] DEBUG org.springframework.boot.test.context.SpringBootTestContextBootstrapper - @TestExecutionListeners is not present for class [cn.soa.IotUsermanagerApplicationTests]: using defaults.
10:30:35.846 [main] INFO org.springframework.boot.test.context.SpringBootTestContextBootstrapper - Loaded default TestExecutionListener class names from location [META-INF/spring.factories]: [org.springframework.boot.test.mock.mockito.MockitoTestExecutionListener, org.springframework.boot.test.mock.mockito.ResetMocksTestExecutionListener, org.springframework.boot.test.autoconfigure.restdocs.RestDocsTestExecutionListener, org.springframework.boot.test.autoconfigure.web.client.MockRestServiceServerResetTestExecutionListener, org.springframework.boot.test.autoconfigure.web.servlet.MockMvcPrintOnlyOnFailureTestExecutionListener, org.springframework.boot.test.autoconfigure.web.servlet.WebDriverTestExecutionListener, org.springframework.test.context.web.ServletTestExecutionListener, org.springframework.test.context.support.DirtiesContextBeforeModesTestExecutionListener, org.springframework.test.context.support.DependencyInjectionTestExecutionListener, org.springframework.test.context.support.DirtiesContextTestExecutionListener, org.springframework.test.context.transaction.TransactionalTestExecutionListener, org.springframework.test.context.jdbc.SqlScriptsTestExecutionListener]
10:30:35.877 [main] INFO org.springframework.boot.test.context.SpringBootTestContextBootstrapper - Using TestExecutionListeners: [org.springframework.test.context.web.ServletTestExecutionListener@c0c2f8d, org.springframework.test.context.support.DirtiesContextBeforeModesTestExecutionListener@305b7c14, org.springframework.boot.test.mock.mockito.MockitoTestExecutionListener@6913c1fb, org.springframework.boot.test.autoconfigure.SpringBootDependencyInjectionTestExecutionListener@66d18979, org.springframework.test.context.support.DirtiesContextTestExecutionListener@bccb269, org.springframework.test.context.transaction.TransactionalTestExecutionListener@609cd4d8, org.springframework.test.context.jdbc.SqlScriptsTestExecutionListener@17f7cd29, org.springframework.boot.test.mock.mockito.ResetMocksTestExecutionListener@7d8704ef, org.springframework.boot.test.autoconfigure.restdocs.RestDocsTestExecutionListener@13b6aecc, org.springframework.boot.test.autoconfigure.web.client.MockRestServiceServerResetTestExecutionListener@158a8276, org.springframework.boot.test.autoconfigure.web.servlet.MockMvcPrintOnlyOnFailureTestExecutionListener@3c3d9b6b, org.springframework.boot.test.autoconfigure.web.servlet.WebDriverTestExecutionListener@79d8407f]
10:30:35.881 [main] DEBUG org.springframework.test.annotation.ProfileValueUtils - Retrieved @ProfileValueSourceConfiguration [null] for test class [cn.soa.IotUsermanagerApplicationTests]
10:30:35.882 [main] DEBUG org.springframework.test.annotation.ProfileValueUtils - Retrieved ProfileValueSource type [class org.springframework.test.annotation.SystemProfileValueSource] for class [cn.soa.IotUsermanagerApplicationTests]
10:30:35.884 [main] DEBUG org.springframework.test.annotation.ProfileValueUtils - Retrieved @ProfileValueSourceConfiguration [null] for test class [cn.soa.IotUsermanagerApplicationTests]
10:30:35.884 [main] DEBUG org.springframework.test.annotation.ProfileValueUtils - Retrieved ProfileValueSource type [class org.springframework.test.annotation.SystemProfileValueSource] for class [cn.soa.IotUsermanagerApplicationTests]
10:30:35.934 [main] DEBUG org.springframework.test.annotation.ProfileValueUtils - Retrieved @ProfileValueSourceConfiguration [null] for test class [cn.soa.IotUsermanagerApplicationTests]
10:30:35.934 [main] DEBUG org.springframework.test.annotation.ProfileValueUtils - Retrieved ProfileValueSource type [class org.springframework.test.annotation.SystemProfileValueSource] for class [cn.soa.IotUsermanagerApplicationTests]
10:30:35.940 [main] DEBUG org.springframework.test.context.support.AbstractDirtiesContextTestExecutionListener - Before test class: context [DefaultTestContext@e4487af testClass = IotUsermanagerApplicationTests, testInstance = [null], testMethod = [null], testException = [null], mergedContextConfiguration = [WebMergedContextConfiguration@6aaceffd testClass = IotUsermanagerApplicationTests, locations = '{}', classes = '{class cn.soa.IotUsermanagerApplication}', contextInitializerClasses = '[]', activeProfiles = '{}', propertySourceLocations = '{}', propertySourceProperties = '{org.springframework.boot.test.context.SpringBootTestContextBootstrapper=true}', contextCustomizers = set[org.springframework.boot.test.context.filter.ExcludeFilterContextCustomizer@2df32bf7, org.springframework.boot.test.json.DuplicateJsonObjectContextCustomizerFactory$DuplicateJsonObjectContextCustomizer@f4168b8, org.springframework.boot.test.mock.mockito.MockitoContextCustomizer@0, org.springframework.boot.test.web.client.TestRestTemplateContextCustomizer@17776a8, org.springframework.boot.test.autoconfigure.properties.PropertyMappingContextCustomizer@0, org.springframework.boot.test.autoconfigure.web.servlet.WebDriverContextCustomizerFactory$Customizer@3444d69d], resourceBasePath = 'src/main/webapp', contextLoader = 'org.springframework.boot.test.context.SpringBootContextLoader', parent = [null]], attributes = map['org.springframework.test.context.web.ServletTestExecutionListener.activateListener' -> true]], class annotated with @DirtiesContext [false] with mode [null].
10:30:35.941 [main] DEBUG org.springframework.test.annotation.ProfileValueUtils - Retrieved @ProfileValueSourceConfiguration [null] for test class [cn.soa.IotUsermanagerApplicationTests]
10:30:35.941 [main] DEBUG org.springframework.test.annotation.ProfileValueUtils - Retrieved ProfileValueSource type [class org.springframework.test.annotation.SystemProfileValueSource] for class [cn.soa.IotUsermanagerApplicationTests]
10:30:36.068 [main] DEBUG org.springframework.core.env.StandardEnvironment - Adding PropertySource 'systemProperties' with lowest search precedence
10:30:36.069 [main] DEBUG org.springframework.core.env.StandardEnvironment - Adding PropertySource 'systemEnvironment' with lowest search precedence
10:30:36.069 [main] DEBUG org.springframework.core.env.StandardEnvironment - Initialized StandardEnvironment with PropertySources [MapPropertySource@532087022 {name='systemProperties', properties={java.runtime.name=Java(TM) SE Runtime Environment, sun.boot.library.path=C:\Program Files\Java\jdk1.8.0_152\jre\bin, java.vm.version=25.152-b16, java.vm.vendor=Oracle Corporation, java.vendor.url=http://java.oracle.com/, path.separator=;, java.vm.name=Java HotSpot(TM) 64-Bit Server VM, file.encoding.pkg=sun.io, user.country=CN, user.script=, sun.java.launcher=SUN_STANDARD, sun.os.patch.level=, java.vm.specification.name=Java Virtual Machine Specification, user.dir=C:\Users\yanghua\git\iot_usermanager\iot_usermanager, java.runtime.version=1.8.0_152-b16, basedir=C:\Users\yanghua\git\iot_usermanager\iot_usermanager, java.awt.graphicsenv=sun.awt.Win32GraphicsEnvironment, java.endorsed.dirs=C:\Program Files\Java\jdk1.8.0_152\jre\lib\endorsed, os.arch=amd64, surefire.real.class.path=C:\Users\yanghua\AppData\Local\Temp\surefire6352649051189297388\surefirebooter2748759867414713366.jar, java.io.tmpdir=C:\Users\yanghua\AppData\Local\Temp\, line.separator=
, java.vm.specification.vendor=Oracle Corporation, user.variant=, os.name=Windows 10, sun.jnu.encoding=GBK, java.library.path=C:\Program Files\Java\jdk1.8.0_152\jre\bin;C:\WINDOWS\Sun\Java\bin;C:\WINDOWS\system32;C:\WINDOWS;C:/Program Files/Java/jre1.8.0_152/bin/server;C:/Program Files/Java/jre1.8.0_152/bin;C:/Program Files/Java/jre1.8.0_152/lib/amd64;C:\app\yanghua\product\11.2.0\dbhome_1\bin;C:\app\yanghua\product\11.2.0\client_1;C:\Program Files (x86)\Common Files\NetSarang;C:\ProgramData\Oracle\Java\javapath;C:\Program Files\Java\jdk1.8.0_152\bin;C:\Program Files\Java\jdk1.8.0_152\jre\bin;C:\Windows\System32;E:\eclipse my all Info\temp\webservice\apache-cxf-3.2.2\bin;E:\eclipse my all Info\apache-maven-3.5.0\bin;E:\eclipse my all Info\apache-tomcat-7.0.81\bin;C:\WINDOWS\system32;C:\WINDOWS;C:\WINDOWS\System32\Wbem;C:\WINDOWS\System32\WindowsPowerShell\v1.0\;E:\Tomacat\apache-tomcat-8.5.35\lib;E:\Tomacat\apache-tomcat-8.5.35\bin;C:\WINDOWS\System32\OpenSSH\;F:\mysql\mysql-8.0.11-winx64\bin;E:\redis;C:\Users\yanghua\AppData\Local\Microsoft\WindowsApps;;E:\eclipse company all Info\eclipse;;., surefire.test.class.path=C:\Users\yanghua\git\iot_usermanager\iot_usermanager\target\test-classes;C:\Users\yanghua\git\iot_usermanager\iot_usermanager\target\classes;E:\eclipse company all Info\company_repository_store_1\repository\org\springframework\boot\spring-boot-starter-data-rest\2.0.8.RELEASE\spring-boot-starter-data-rest-2.0.8.RELEASE.jar;E:\eclipse company all Info\company_repository_store_1\repository\org\springframework\boot\spring-boot-starter\2.0.8.RELEASE\spring-boot-starter-2.0.8.RELEASE.jar;E:\eclipse company all Info\company_repository_store_1\repository\org\yaml\snakeyaml\1.19\snakeyaml-1.19.jar;E:\eclipse company all Info\company_repository_store_1\repository\org\springframework\boot\spring-boot-starter-json\2.0.8.RELEASE\spring-boot-starter-json-2.0.8.RELEASE.jar;E:\eclipse company all Info\company_repository_store_1\repository\com\fasterxml\jackson\core\jackson-databind\2.9.8\jackson-databind-2.9.8.jar;E:\eclipse company all Info\company_repository_store_1\repository\com\fasterxml\jackson\core\jackson-core\2.9.8\jackson-core-2.9.8.jar;E:\eclipse company all Info\company_repository_store_1\repository\com\fasterxml\jackson\datatype\jackson-datatype-jdk8\2.9.8\jackson-datatype-jdk8-2.9.8.jar;E:\eclipse company all Info\company_repository_store_1\repository\com\fasterxml\jackson\datatype\jackson-datatype-jsr310\2.9.8\jackson-datatype-jsr310-2.9.8.jar;E:\eclipse company all Info\company_repository_store_1\repository\com\fasterxml\jackson\module\jackson-module-parameter-names\2.9.8\jackson-module-parameter-names-2.9.8.jar;E:\eclipse company all Info\company_repository_store_1\repository\org\springframework\data\spring-data-rest-webmvc\3.0.13.RELEASE\spring-data-rest-webmvc-3.0.13.RELEASE.jar;E:\eclipse company all Info\company_repository_store_1\repository\org\springframework\data\spring-data-rest-core\3.0.13.RELEASE\spring-data-rest-core-3.0.13.RELEASE.jar;E:\eclipse company all Info\company_repository_store_1\repository\org\springframework\hateoas\spring-hateoas\0.25.0.RELEASE\spring-hateoas-0.25.0.RELEASE.jar;E:\eclipse company all Info\company_repository_store_1\repository\org\springframework\data\spring-data-commons\2.0.13.RELEASE\spring-data-commons-2.0.13.RELEASE.jar;E:\eclipse company all Info\company_repository_store_1\repository\org\springframework\plugin\spring-plugin-core\1.2.0.RELEASE\spring-plugin-core-1.2.0.RELEASE.jar;E:\eclipse company all Info\company_repository_store_1\repository\org\atteo\evo-inflector\1.2.2\evo-inflector-1.2.2.jar;E:\eclipse company all Info\company_repository_store_1\repository\com\fasterxml\jackson\core\jackson-annotations\2.9.0\jackson-annotations-2.9.0.jar;E:\eclipse company all Info\company_repository_store_1\repository\org\springframework\boot\spring-boot-starter-thymeleaf\2.0.8.RELEASE\spring-boot-starter-thymeleaf-2.0.8.RELEASE.jar;E:\eclipse company all Info\company_repository_store_1\repository\org\thymeleaf\thymeleaf-spring5\3.0.11.RELEASE\thymeleaf-spring5-3.0.11.RELEASE.jar;E:\eclipse company all Info\company_repository_store_1\repository\org\thymeleaf\thymeleaf\3.0.11.RELEASE\thymeleaf-3.0.11.RELEASE.jar;E:\eclipse company all Info\company_repository_store_1\repository\org\attoparser\attoparser\2.0.5.RELEASE\attoparser-2.0.5.RELEASE.jar;E:\eclipse company all Info\company_repository_store_1\repository\org\unbescape\unbescape\1.1.6.RELEASE\unbescape-1.1.6.RELEASE.jar;E:\eclipse company all Info\company_repository_store_1\repository\org\thymeleaf\extras\thymeleaf-extras-java8time\3.0.2.RELEASE\thymeleaf-extras-java8time-3.0.2.RELEASE.jar;E:\eclipse company all Info\company_repository_store_1\repository\org\springframework\boot\spring-boot-starter-jdbc\2.0.8.RELEASE\spring-boot-starter-jdbc-2.0.8.RELEASE.jar;E:\eclipse company all Info\company_repository_store_1\repository\com\zaxxer\HikariCP\2.7.9\HikariCP-2.7.9.jar;E:\eclipse company all Info\company_repository_store_1\repository\org\springframework\spring-jdbc\5.0.12.RELEASE\spring-jdbc-5.0.12.RELEASE.jar;E:\eclipse company all Info\company_repository_store_1\repository\org\springframework\spring-beans\5.0.12.RELEASE\spring-beans-5.0.12.RELEASE.jar;E:\eclipse company all Info\company_repository_store_1\repository\org\springframework\spring-tx\5.0.12.RELEASE\spring-tx-5.0.12.RELEASE.jar;E:\eclipse company all Info\company_repository_store_1\repository\org\springframework\boot\spring-boot-starter-aop\2.0.8.RELEASE\spring-boot-starter-aop-2.0.8.RELEASE.jar;E:\eclipse company all Info\company_repository_store_1\repository\org\springframework\spring-aop\5.0.12.RELEASE\spring-aop-5.0.12.RELEASE.jar;E:\eclipse company all Info\company_repository_store_1\repository\org\aspectj\aspectjweaver\1.8.13\aspectjweaver-1.8.13.jar;E:\eclipse company all Info\company_repository_store_1\repository\org\springframework\boot\spring-boot-starter-web\2.0.8.RELEASE\spring-boot-starter-web-2.0.8.RELEASE.jar;E:\eclipse company all Info\company_repository_store_1\repository\org\hibernate\validator\hibernate-validator\6.0.14.Final\hibernate-validator-6.0.14.Final.jar;E:\eclipse company all Info\company_repository_store_1\repository\javax\validation\validation-api\2.0.1.Final\validation-api-2.0.1.Final.jar;E:\eclipse company all Info\company_repository_store_1\repository\org\jboss\logging\jboss-logging\3.3.2.Final\jboss-logging-3.3.2.Final.jar;E:\eclipse company all Info\company_repository_store_1\repository\com\fasterxml\classmate\1.3.4\classmate-1.3.4.jar;E:\eclipse company all Info\company_repository_store_1\repository\org\springframework\spring-web\5.0.12.RELEASE\spring-web-5.0.12.RELEASE.jar;E:\eclipse company all Info\company_repository_store_1\repository\org\springframework\spring-webmvc\5.0.12.RELEASE\spring-webmvc-5.0.12.RELEASE.jar;E:\eclipse company all Info\company_repository_store_1\repository\org\springframework\spring-context\5.0.12.RELEASE\spring-context-5.0.12.RELEASE.jar;E:\eclipse company all Info\company_repository_store_1\repository\org\springframework\spring-expression\5.0.12.RELEASE\spring-expression-5.0.12.RELEASE.jar;E:\eclipse company all Info\company_repository_store_1\repository\org\springframework\boot\spring-boot-starter-websocket\2.0.8.RELEASE\spring-boot-starter-websocket-2.0.8.RELEASE.jar;E:\eclipse company all Info\company_repository_store_1\repository\org\springframework\spring-messaging\5.0.12.RELEASE\spring-messaging-5.0.12.RELEASE.jar;E:\eclipse company all Info\company_repository_store_1\repository\org\springframework\spring-websocket\5.0.12.RELEASE\spring-websocket-5.0.12.RELEASE.jar;E:\eclipse company all Info\company_repository_store_1\repository\org\mybatis\spring\boot\mybatis-spring-boot-starter\1.3.2\mybatis-spring-boot-starter-1.3.2.jar;E:\eclipse company all Info\company_repository_store_1\repository\org\mybatis\spring\boot\mybatis-spring-boot-autoconfigure\1.3.2\mybatis-spring-boot-autoconfigure-1.3.2.jar;E:\eclipse company all Info\company_repository_store_1\repository\org\mybatis\mybatis\3.4.6\mybatis-3.4.6.jar;E:\eclipse company all Info\company_repository_store_1\repository\org\mybatis\mybatis-spring\1.3.2\mybatis-spring-1.3.2.jar;E:\eclipse company all Info\company_repository_store_1\repository\org\springframework\boot\spring-boot-starter-test\2.0.8.RELEASE\spring-boot-starter-test-2.0.8.RELEASE.jar;E:\eclipse company all Info\company_repository_store_1\repository\org\springframework\boot\spring-boot-test\2.0.8.RELEASE\spring-boot-test-2.0.8.RELEASE.jar;E:\eclipse company all Info\company_repository_store_1\repository\org\springframework\boot\spring-boot-test-autoconfigure\2.0.8.RELEASE\spring-boot-test-autoconfigure-2.0.8.RELEASE.jar;E:\eclipse company all Info\company_repository_store_1\repository\com\jayway\jsonpath\json-path\2.4.0\json-path-2.4.0.jar;E:\eclipse company all Info\company_repository_store_1\repository\net\minidev\json-smart\2.3\json-smart-2.3.jar;E:\eclipse company all Info\company_repository_store_1\repository\net\minidev\accessors-smart\1.2\accessors-smart-1.2.jar;E:\eclipse company all Info\company_repository_store_1\repository\org\ow2\asm\asm\5.0.4\asm-5.0.4.jar;E:\eclipse company all Info\company_repository_store_1\repository\junit\junit\4.12\junit-4.12.jar;E:\eclipse company all Info\company_repository_store_1\repository\org\assertj\assertj-core\3.9.1\assertj-core-3.9.1.jar;E:\eclipse company all Info\company_repository_store_1\repository\org\mockito\mockito-core\2.15.0\mockito-core-2.15.0.jar;E:\eclipse company all Info\company_repository_store_1\repository\net\bytebuddy\byte-buddy\1.7.11\byte-buddy-1.7.11.jar;E:\eclipse company all Info\company_repository_store_1\repository\net\bytebuddy\byte-buddy-agent\1.7.11\byte-buddy-agent-1.7.11.jar;E:\eclipse company all Info\company_repository_store_1\repository\org\objenesis\objenesis\2.6\objenesis-2.6.jar;E:\eclipse company all Info\company_repository_store_1\repository\org\hamcrest\hamcrest-core\1.3\hamcrest-core-1.3.jar;E:\eclipse company all Info\company_repository_store_1\repository\org\hamcrest\hamcrest-library\1.3\hamcrest-library-1.3.jar;E:\eclipse company all Info\company_repository_store_1\repository\org\skyscreamer\jsonassert\1.5.0\jsonassert-1.5.0.jar;E:\eclipse company all Info\company_repository_store_1\repository\com\vaadin\external\google\android-json\0.0.20131108.vaadin1\android-json-0.0.20131108.vaadin1.jar;E:\eclipse company all Info\company_repository_store_1\repository\org\springframework\spring-core\5.0.12.RELEASE\spring-core-5.0.12.RELEASE.jar;E:\eclipse company all Info\company_repository_store_1\repository\org\springframework\spring-jcl\5.0.12.RELEASE\spring-jcl-5.0.12.RELEASE.jar;E:\eclipse company all Info\company_repository_store_1\repository\org\springframework\spring-test\5.0.12.RELEASE\spring-test-5.0.12.RELEASE.jar;E:\eclipse company all Info\company_repository_store_1\repository\org\xmlunit\xmlunit-core\2.5.1\xmlunit-core-2.5.1.jar;E:\eclipse company all Info\company_repository_store_1\repository\org\springframework\boot\spring-boot-starter-logging\2.0.8.RELEASE\spring-boot-starter-logging-2.0.8.RELEASE.jar;E:\eclipse company all Info\company_repository_store_1\repository\ch\qos\logback\logback-classic\1.2.3\logback-classic-1.2.3.jar;E:\eclipse company all Info\company_repository_store_1\repository\org\apache\logging\log4j\log4j-to-slf4j\2.10.0\log4j-to-slf4j-2.10.0.jar;E:\eclipse company all Info\company_repository_store_1\repository\org\apache\logging\log4j\log4j-api\2.10.0\log4j-api-2.10.0.jar;E:\eclipse company all Info\company_repository_store_1\repository\org\slf4j\jul-to-slf4j\1.7.25\jul-to-slf4j-1.7.25.jar;E:\eclipse company all Info\company_repository_store_1\repository\org\springframework\boot\spring-boot-devtools\2.0.8.RELEASE\spring-boot-devtools-2.0.8.RELEASE.jar;E:\eclipse company all Info\company_repository_store_1\repository\org\springframework\boot\spring-boot\2.0.8.RELEASE\spring-boot-2.0.8.RELEASE.jar;E:\eclipse company all Info\company_repository_store_1\repository\org\springframework\boot\spring-boot-autoconfigure\2.0.8.RELEASE\spring-boot-autoconfigure-2.0.8.RELEASE.jar;E:\eclipse company all Info\company_repository_store_1\repository\cn\easyproject\ojdbc6\12.1.0.2.0\ojdbc6-12.1.0.2.0.jar;E:\eclipse company all Info\company_repository_store_1\repository\com\alibaba\druid-spring-boot-starter\1.1.10\druid-spring-boot-starter-1.1.10.jar;E:\eclipse company all Info\company_repository_store_1\repository\com\alibaba\druid\1.1.10\druid-1.1.10.jar;E:\eclipse company all Info\company_repository_store_1\repository\org\slf4j\slf4j-api\1.7.25\slf4j-api-1.7.25.jar;E:\eclipse company all Info\company_repository_store_1\repository\org\springframework\boot\spring-boot-starter-tomcat\2.0.8.RELEASE\spring-boot-starter-tomcat-2.0.8.RELEASE.jar;E:\eclipse company all Info\company_repository_store_1\repository\javax\annotation\javax.annotation-api\1.3.2\javax.annotation-api-1.3.2.jar;E:\eclipse company all Info\company_repository_store_1\repository\org\apache\tomcat\embed\tomcat-embed-core\8.5.37\tomcat-embed-core-8.5.37.jar;E:\eclipse company all Info\company_repository_store_1\repository\org\apache\tomcat\embed\tomcat-embed-el\8.5.37\tomcat-embed-el-8.5.37.jar;E:\eclipse company all Info\company_repository_store_1\repository\org\apache\tomcat\embed\tomcat-embed-websocket\8.5.37\tomcat-embed-websocket-8.5.37.jar;E:\eclipse company all Info\company_repository_store_1\repository\org\apache\shiro\shiro-spring\1.4.0\shiro-spring-1.4.0.jar;E:\eclipse company all Info\company_repository_store_1\repository\org\apache\shiro\shiro-core\1.4.0\shiro-core-1.4.0.jar;E:\eclipse company all Info\company_repository_store_1\repository\org\apache\shiro\shiro-lang\1.4.0\shiro-lang-1.4.0.jar;E:\eclipse company all Info\company_repository_store_1\repository\org\apache\shiro\shiro-crypto-hash\1.4.0\shiro-crypto-hash-1.4.0.jar;E:\eclipse company all Info\company_repository_store_1\repository\org\apache\shiro\shiro-crypto-core\1.4.0\shiro-crypto-core-1.4.0.jar;E:\eclipse company all Info\company_repository_store_1\repository\org\apache\shiro\shiro-crypto-cipher\1.4.0\shiro-crypto-cipher-1.4.0.jar;E:\eclipse company all Info\company_repository_store_1\repository\org\apache\shiro\shiro-config-core\1.4.0\shiro-config-core-1.4.0.jar;E:\eclipse company all Info\company_repository_store_1\repository\org\apache\shiro\shiro-config-ogdl\1.4.0\shiro-config-ogdl-1.4.0.jar;E:\eclipse company all Info\company_repository_store_1\repository\commons-beanutils\commons-beanutils\1.9.3\commons-beanutils-1.9.3.jar;E:\eclipse company all Info\company_repository_store_1\repository\commons-collections\commons-collections\3.2.2\commons-collections-3.2.2.jar;E:\eclipse company all Info\company_repository_store_1\repository\org\apache\shiro\shiro-event\1.4.0\shiro-event-1.4.0.jar;E:\eclipse company all Info\company_repository_store_1\repository\org\apache\shiro\shiro-web\1.4.0\shiro-web-1.4.0.jar;E:\eclipse company all Info\company_repository_store_1\repository\org\apache\shiro\shiro-ehcache\1.4.0\shiro-ehcache-1.4.0.jar;E:\eclipse company all Info\company_repository_store_1\repository\org\apache\shiro\shiro-cache\1.4.0\shiro-cache-1.4.0.jar;E:\eclipse company all Info\company_repository_store_1\repository\net\sf\ehcache\ehcache-core\2.6.11\ehcache-core-2.6.11.jar;E:\eclipse company all Info\company_repository_store_1\repository\com\google\code\gson\gson\2.8.5\gson-2.8.5.jar;E:\eclipse company all Info\company_repository_store_1\repository\commons-lang\commons-lang\2.6\commons-lang-2.6-sources.jar;E:\eclipse company all Info\company_repository_store_1\repository\org\projectlombok\lombok\1.16.22\lombok-1.16.22.jar;E:\eclipse company all Info\company_repository_store_1\repository\ch\qos\logback\logback-core\1.2.3\logback-core-1.2.3.jar;, java.specification.name=Java Platform API Specification, java.class.version=52.0, sun.management.compiler=HotSpot 64-Bit Tiered Compilers, os.version=10.0, user.home=C:\Users\yanghua, user.timezone=Asia/Shanghai, java.awt.printerjob=sun.awt.windows.WPrinterJob, file.encoding=GBK, java.specification.version=1.8, java.class.path=C:\Users\yanghua\git\iot_usermanager\iot_usermanager\target\test-classes;C:\Users\yanghua\git\iot_usermanager\iot_usermanager\target\classes;E:\eclipse company all Info\company_repository_store_1\repository\org\springframework\boot\spring-boot-starter-data-rest\2.0.8.RELEASE\spring-boot-starter-data-rest-2.0.8.RELEASE.jar;E:\eclipse company all Info\company_repository_store_1\repository\org\springframework\boot\spring-boot-starter\2.0.8.RELEASE\spring-boot-starter-2.0.8.RELEASE.jar;E:\eclipse company all Info\company_repository_store_1\repository\org\yaml\snakeyaml\1.19\snakeyaml-1.19.jar;E:\eclipse company all Info\company_repository_store_1\repository\org\springframework\boot\spring-boot-starter-json\2.0.8.RELEASE\spring-boot-starter-json-2.0.8.RELEASE.jar;E:\eclipse company all Info\company_repository_store_1\repository\com\fasterxml\jackson\core\jackson-databind\2.9.8\jackson-databind-2.9.8.jar;E:\eclipse company all Info\company_repository_store_1\repository\com\fasterxml\jackson\core\jackson-core\2.9.8\jackson-core-2.9.8.jar;E:\eclipse company all Info\company_repository_store_1\repository\com\fasterxml\jackson\datatype\jackson-datatype-jdk8\2.9.8\jackson-datatype-jdk8-2.9.8.jar;E:\eclipse company all Info\company_repository_store_1\repository\com\fasterxml\jackson\datatype\jackson-datatype-jsr310\2.9.8\jackson-datatype-jsr310-2.9.8.jar;E:\eclipse company all Info\company_repository_store_1\repository\com\fasterxml\jackson\module\jackson-module-parameter-names\2.9.8\jackson-module-parameter-names-2.9.8.jar;E:\eclipse company all Info\company_repository_store_1\repository\org\springframework\data\spring-data-rest-webmvc\3.0.13.RELEASE\spring-data-rest-webmvc-3.0.13.RELEASE.jar;E:\eclipse company all Info\company_repository_store_1\repository\org\springframework\data\spring-data-rest-core\3.0.13.RELEASE\spring-data-rest-core-3.0.13.RELEASE.jar;E:\eclipse company all Info\company_repository_store_1\repository\org\springframework\hateoas\spring-hateoas\0.25.0.RELEASE\spring-hateoas-0.25.0.RELEASE.jar;E:\eclipse company all Info\company_repository_store_1\repository\org\springframework\data\spring-data-commons\2.0.13.RELEASE\spring-data-commons-2.0.13.RELEASE.jar;E:\eclipse company all Info\company_repository_store_1\repository\org\springframework\plugin\spring-plugin-core\1.2.0.RELEASE\spring-plugin-core-1.2.0.RELEASE.jar;E:\eclipse company all Info\company_repository_store_1\repository\org\atteo\evo-inflector\1.2.2\evo-inflector-1.2.2.jar;E:\eclipse company all Info\company_repository_store_1\repository\com\fasterxml\jackson\core\jackson-annotations\2.9.0\jackson-annotations-2.9.0.jar;E:\eclipse company all Info\company_repository_store_1\repository\org\springframework\boot\spring-boot-starter-thymeleaf\2.0.8.RELEASE\spring-boot-starter-thymeleaf-2.0.8.RELEASE.jar;E:\eclipse company all Info\company_repository_store_1\repository\org\thymeleaf\thymeleaf-spring5\3.0.11.RELEASE\thymeleaf-spring5-3.0.11.RELEASE.jar;E:\eclipse company all Info\company_repository_store_1\repository\org\thymeleaf\thymeleaf\3.0.11.RELEASE\thymeleaf-3.0.11.RELEASE.jar;E:\eclipse company all Info\company_repository_store_1\repository\org\attoparser\attoparser\2.0.5.RELEASE\attoparser-2.0.5.RELEASE.jar;E:\eclipse company all Info\company_repository_store_1\repository\org\unbescape\unbescape\1.1.6.RELEASE\unbescape-1.1.6.RELEASE.jar;E:\eclipse company all Info\company_repository_store_1\repository\org\thymeleaf\extras\thymeleaf-extras-java8time\3.0.2.RELEASE\thymeleaf-extras-java8time-3.0.2.RELEASE.jar;E:\eclipse company all Info\company_repository_store_1\repository\org\springframework\boot\spring-boot-starter-jdbc\2.0.8.RELEASE\spring-boot-starter-jdbc-2.0.8.RELEASE.jar;E:\eclipse company all Info\company_repository_store_1\repository\com\zaxxer\HikariCP\2.7.9\HikariCP-2.7.9.jar;E:\eclipse company all Info\company_repository_store_1\repository\org\springframework\spring-jdbc\5.0.12.RELEASE\spring-jdbc-5.0.12.RELEASE.jar;E:\eclipse company all Info\company_repository_store_1\repository\org\springframework\spring-beans\5.0.12.RELEASE\spring-beans-5.0.12.RELEASE.jar;E:\eclipse company all Info\company_repository_store_1\repository\org\springframework\spring-tx\5.0.12.RELEASE\spring-tx-5.0.12.RELEASE.jar;E:\eclipse company all Info\company_repository_store_1\repository\org\springframework\boot\spring-boot-starter-aop\2.0.8.RELEASE\spring-boot-starter-aop-2.0.8.RELEASE.jar;E:\eclipse company all Info\company_repository_store_1\repository\org\springframework\spring-aop\5.0.12.RELEASE\spring-aop-5.0.12.RELEASE.jar;E:\eclipse company all Info\company_repository_store_1\repository\org\aspectj\aspectjweaver\1.8.13\aspectjweaver-1.8.13.jar;E:\eclipse company all Info\company_repository_store_1\repository\org\springframework\boot\spring-boot-starter-web\2.0.8.RELEASE\spring-boot-starter-web-2.0.8.RELEASE.jar;E:\eclipse company all Info\company_repository_store_1\repository\org\hibernate\validator\hibernate-validator\6.0.14.Final\hibernate-validator-6.0.14.Final.jar;E:\eclipse company all Info\company_repository_store_1\repository\javax\validation\validation-api\2.0.1.Final\validation-api-2.0.1.Final.jar;E:\eclipse company all Info\company_repository_store_1\repository\org\jboss\logging\jboss-logging\3.3.2.Final\jboss-logging-3.3.2.Final.jar;E:\eclipse company all Info\company_repository_store_1\repository\com\fasterxml\classmate\1.3.4\classmate-1.3.4.jar;E:\eclipse company all Info\company_repository_store_1\repository\org\springframework\spring-web\5.0.12.RELEASE\spring-web-5.0.12.RELEASE.jar;E:\eclipse company all Info\company_repository_store_1\repository\org\springframework\spring-webmvc\5.0.12.RELEASE\spring-webmvc-5.0.12.RELEASE.jar;E:\eclipse company all Info\company_repository_store_1\repository\org\springframework\spring-context\5.0.12.RELEASE\spring-context-5.0.12.RELEASE.jar;E:\eclipse company all Info\company_repository_store_1\repository\org\springframework\spring-expression\5.0.12.RELEASE\spring-expression-5.0.12.RELEASE.jar;E:\eclipse company all Info\company_repository_store_1\repository\org\springframework\boot\spring-boot-starter-websocket\2.0.8.RELEASE\spring-boot-starter-websocket-2.0.8.RELEASE.jar;E:\eclipse company all Info\company_repository_store_1\repository\org\springframework\spring-messaging\5.0.12.RELEASE\spring-messaging-5.0.12.RELEASE.jar;E:\eclipse company all Info\company_repository_store_1\repository\org\springframework\spring-websocket\5.0.12.RELEASE\spring-websocket-5.0.12.RELEASE.jar;E:\eclipse company all Info\company_repository_store_1\repository\org\mybatis\spring\boot\mybatis-spring-boot-starter\1.3.2\mybatis-spring-boot-starter-1.3.2.jar;E:\eclipse company all Info\company_repository_store_1\repository\org\mybatis\spring\boot\mybatis-spring-boot-autoconfigure\1.3.2\mybatis-spring-boot-autoconfigure-1.3.2.jar;E:\eclipse company all Info\company_repository_store_1\repository\org\mybatis\mybatis\3.4.6\mybatis-3.4.6.jar;E:\eclipse company all Info\company_repository_store_1\repository\org\mybatis\mybatis-spring\1.3.2\mybatis-spring-1.3.2.jar;E:\eclipse company all Info\company_repository_store_1\repository\org\springframework\boot\spring-boot-starter-test\2.0.8.RELEASE\spring-boot-starter-test-2.0.8.RELEASE.jar;E:\eclipse company all Info\company_repository_store_1\repository\org\springframework\boot\spring-boot-test\2.0.8.RELEASE\spring-boot-test-2.0.8.RELEASE.jar;E:\eclipse company all Info\company_repository_store_1\repository\org\springframework\boot\spring-boot-test-autoconfigure\2.0.8.RELEASE\spring-boot-test-autoconfigure-2.0.8.RELEASE.jar;E:\eclipse company all Info\company_repository_store_1\repository\com\jayway\jsonpath\json-path\2.4.0\json-path-2.4.0.jar;E:\eclipse company all Info\company_repository_store_1\repository\net\minidev\json-smart\2.3\json-smart-2.3.jar;E:\eclipse company all Info\company_repository_store_1\repository\net\minidev\accessors-smart\1.2\accessors-smart-1.2.jar;E:\eclipse company all Info\company_repository_store_1\repository\org\ow2\asm\asm\5.0.4\asm-5.0.4.jar;E:\eclipse company all Info\company_repository_store_1\repository\junit\junit\4.12\junit-4.12.jar;E:\eclipse company all Info\company_repository_store_1\repository\org\assertj\assertj-core\3.9.1\assertj-core-3.9.1.jar;E:\eclipse company all Info\company_repository_store_1\repository\org\mockito\mockito-core\2.15.0\mockito-core-2.15.0.jar;E:\eclipse company all Info\company_repository_store_1\repository\net\bytebuddy\byte-buddy\1.7.11\byte-buddy-1.7.11.jar;E:\eclipse company all Info\company_repository_store_1\repository\net\bytebuddy\byte-buddy-agent\1.7.11\byte-buddy-agent-1.7.11.jar;E:\eclipse company all Info\company_repository_store_1\repository\org\objenesis\objenesis\2.6\objenesis-2.6.jar;E:\eclipse company all Info\company_repository_store_1\repository\org\hamcrest\hamcrest-core\1.3\hamcrest-core-1.3.jar;E:\eclipse company all Info\company_repository_store_1\repository\org\hamcrest\hamcrest-library\1.3\hamcrest-library-1.3.jar;E:\eclipse company all Info\company_repository_store_1\repository\org\skyscreamer\jsonassert\1.5.0\jsonassert-1.5.0.jar;E:\eclipse company all Info\company_repository_store_1\repository\com\vaadin\external\google\android-json\0.0.20131108.vaadin1\android-json-0.0.20131108.vaadin1.jar;E:\eclipse company all Info\company_repository_store_1\repository\org\springframework\spring-core\5.0.12.RELEASE\spring-core-5.0.12.RELEASE.jar;E:\eclipse company all Info\company_repository_store_1\repository\org\springframework\spring-jcl\5.0.12.RELEASE\spring-jcl-5.0.12.RELEASE.jar;E:\eclipse company all Info\company_repository_store_1\repository\org\springframework\spring-test\5.0.12.RELEASE\spring-test-5.0.12.RELEASE.jar;E:\eclipse company all Info\company_repository_store_1\repository\org\xmlunit\xmlunit-core\2.5.1\xmlunit-core-2.5.1.jar;E:\eclipse company all Info\company_repository_store_1\repository\org\springframework\boot\spring-boot-starter-logging\2.0.8.RELEASE\spring-boot-starter-logging-2.0.8.RELEASE.jar;E:\eclipse company all Info\company_repository_store_1\repository\ch\qos\logback\logback-classic\1.2.3\logback-classic-1.2.3.jar;E:\eclipse company all Info\company_repository_store_1\repository\org\apache\logging\log4j\log4j-to-slf4j\2.10.0\log4j-to-slf4j-2.10.0.jar;E:\eclipse company all Info\company_repository_store_1\repository\org\apache\logging\log4j\log4j-api\2.10.0\log4j-api-2.10.0.jar;E:\eclipse company all Info\company_repository_store_1\repository\org\slf4j\jul-to-slf4j\1.7.25\jul-to-slf4j-1.7.25.jar;E:\eclipse company all Info\company_repository_store_1\repository\org\springframework\boot\spring-boot-devtools\2.0.8.RELEASE\spring-boot-devtools-2.0.8.RELEASE.jar;E:\eclipse company all Info\company_repository_store_1\repository\org\springframework\boot\spring-boot\2.0.8.RELEASE\spring-boot-2.0.8.RELEASE.jar;E:\eclipse company all Info\company_repository_store_1\repository\org\springframework\boot\spring-boot-autoconfigure\2.0.8.RELEASE\spring-boot-autoconfigure-2.0.8.RELEASE.jar;E:\eclipse company all Info\company_repository_store_1\repository\cn\easyproject\ojdbc6\12.1.0.2.0\ojdbc6-12.1.0.2.0.jar;E:\eclipse company all Info\company_repository_store_1\repository\com\alibaba\druid-spring-boot-starter\1.1.10\druid-spring-boot-starter-1.1.10.jar;E:\eclipse company all Info\company_repository_store_1\repository\com\alibaba\druid\1.1.10\druid-1.1.10.jar;E:\eclipse company all Info\company_repository_store_1\repository\org\slf4j\slf4j-api\1.7.25\slf4j-api-1.7.25.jar;E:\eclipse company all Info\company_repository_store_1\repository\org\springframework\boot\spring-boot-starter-tomcat\2.0.8.RELEASE\spring-boot-starter-tomcat-2.0.8.RELEASE.jar;E:\eclipse company all Info\company_repository_store_1\repository\javax\annotation\javax.annotation-api\1.3.2\javax.annotation-api-1.3.2.jar;E:\eclipse company all Info\company_repository_store_1\repository\org\apache\tomcat\embed\tomcat-embed-core\8.5.37\tomcat-embed-core-8.5.37.jar;E:\eclipse company all Info\company_repository_store_1\repository\org\apache\tomcat\embed\tomcat-embed-el\8.5.37\tomcat-embed-el-8.5.37.jar;E:\eclipse company all Info\company_repository_store_1\repository\org\apache\tomcat\embed\tomcat-embed-websocket\8.5.37\tomcat-embed-websocket-8.5.37.jar;E:\eclipse company all Info\company_repository_store_1\repository\org\apache\shiro\shiro-spring\1.4.0\shiro-spring-1.4.0.jar;E:\eclipse company all Info\company_repository_store_1\repository\org\apache\shiro\shiro-core\1.4.0\shiro-core-1.4.0.jar;E:\eclipse company all Info\company_repository_store_1\repository\org\apache\shiro\shiro-lang\1.4.0\shiro-lang-1.4.0.jar;E:\eclipse company all Info\company_repository_store_1\repository\org\apache\shiro\shiro-crypto-hash\1.4.0\shiro-crypto-hash-1.4.0.jar;E:\eclipse company all Info\company_repository_store_1\repository\org\apache\shiro\shiro-crypto-core\1.4.0\shiro-crypto-core-1.4.0.jar;E:\eclipse company all Info\company_repository_store_1\repository\org\apache\shiro\shiro-crypto-cipher\1.4.0\shiro-crypto-cipher-1.4.0.jar;E:\eclipse company all Info\company_repository_store_1\repository\org\apache\shiro\shiro-config-core\1.4.0\shiro-config-core-1.4.0.jar;E:\eclipse company all Info\company_repository_store_1\repository\org\apache\shiro\shiro-config-ogdl\1.4.0\shiro-config-ogdl-1.4.0.jar;E:\eclipse company all Info\company_repository_store_1\repository\commons-beanutils\commons-beanutils\1.9.3\commons-beanutils-1.9.3.jar;E:\eclipse company all Info\company_repository_store_1\repository\commons-collections\commons-collections\3.2.2\commons-collections-3.2.2.jar;E:\eclipse company all Info\company_repository_store_1\repository\org\apache\shiro\shiro-event\1.4.0\shiro-event-1.4.0.jar;E:\eclipse company all Info\company_repository_store_1\repository\org\apache\shiro\shiro-web\1.4.0\shiro-web-1.4.0.jar;E:\eclipse company all Info\company_repository_store_1\repository\org\apache\
[...]
2019/02/11-10:30:43 [main] INFO  org.springframework.context.support.PostProcessorRegistrationDelegate$BeanPostProcessorChecker- Bean 'com.alibaba.druid.spring.boot.autoconfigure.stat.DruidFilterConfiguration' of type [com.alibaba.druid.spring.boot.autoconfigure.stat.DruidFilterConfiguration] is not eligible for getting processed by all BeanPostProcessors (for example: not eligible for auto-proxying)
2019/02/11-10:30:43 [main] INFO  org.springframework.context.support.PostProcessorRegistrationDelegate$BeanPostProcessorChecker- Bean 'statFilter' of type [com.alibaba.druid.filter.stat.StatFilter] is not eligible for getting processed by all BeanPostProcessors (for example: not eligible for auto-proxying)
2019/02/11-10:30:43 [main] WARN  com.alibaba.druid.pool.DruidAbstractDataSource- oracle.jdbc.driver.OracleDriver is deprecated.Having use oracle.jdbc.OracleDriver.
2019/02/11-10:30:44 [main] INFO  com.alibaba.druid.pool.DruidDataSource- {dataSource-1} inited
2019/02/11-10:30:44 [main] INFO  org.springframework.context.support.PostProcessorRegistrationDelegate$BeanPostProcessorChecker- Bean 'dataSource' of type [com.alibaba.druid.spring.boot.autoconfigure.DruidDataSourceWrapper] is not eligible for getting processed by all BeanPostProcessors (for example: not eligible for auto-proxying)
2019/02/11-10:30:45 [main] INFO  org.springframework.context.support.PostProcessorRegistrationDelegate$BeanPostProcessorChecker- Bean 'sqlSessionFactory' of type [org.apache.ibatis.session.defaults.DefaultSqlSessionFactory] is not eligible for getting processed by all BeanPostProcessors (for example: not eligible for auto-proxying)
2019/02/11-10:30:45 [main] INFO  org.springframework.context.support.PostProcessorRegistrationDelegate$BeanPostProcessorChecker- Bean 'sqlSessionTemplate' of type [org.mybatis.spring.SqlSessionTemplate] is not eligible for getting processed by all BeanPostProcessors (for example: not eligible for auto-proxying)
2019/02/11-10:30:45 [main] INFO  org.springframework.context.support.PostProcessorRegistrationDelegate$BeanPostProcessorChecker- Bean 'userMapper' of type [org.mybatis.spring.mapper.MapperFactoryBean] is not eligible for getting processed by all BeanPostProcessors (for example: not eligible for auto-proxying)
2019/02/11-10:30:45 [main] INFO  org.springframework.context.support.PostProcessorRegistrationDelegate$BeanPostProcessorChecker- Bean 'userMapper' of type [com.sun.proxy.$Proxy79] is not eligible for getting processed by all BeanPostProcessors (for example: not eligible for auto-proxying)
2019/02/11-10:30:45 [main] INFO  org.springframework.context.support.PostProcessorRegistrationDelegate$BeanPostProcessorChecker- Bean 'userInfoMapper' of type [org.mybatis.spring.mapper.MapperFactoryBean] is not eligible for getting processed by all BeanPostProcessors (for example: not eligible for auto-proxying)
2019/02/11-10:30:45 [main] INFO  org.springframework.context.support.PostProcessorRegistrationDelegate$BeanPostProcessorChecker- Bean 'userInfoMapper' of type [com.sun.proxy.$Proxy80] is not eligible for getting processed by all BeanPostProcessors (for example: not eligible for auto-proxying)
2019/02/11-10:30:45 [main] INFO  org.springframework.context.support.PostProcessorRegistrationDelegate$BeanPostProcessorChecker- Bean 'userRoleMapper' of type [org.mybatis.spring.mapper.MapperFactoryBean] is not eligible for getting processed by all BeanPostProcessors (for example: not eligible for auto-proxying)
2019/02/11-10:30:45 [main] INFO  org.springframework.context.support.PostProcessorRegistrationDelegate$BeanPostProcessorChecker- Bean 'userRoleMapper' of type [com.sun.proxy.$Proxy81] is not eligible for getting processed by all BeanPostProcessors (for example: not eligible for auto-proxying)
2019/02/11-10:30:45 [main] INFO  org.springframework.context.support.PostProcessorRegistrationDelegate$BeanPostProcessorChecker- Bean 'userService' of type [cn.soa.service.impl.UserService] is not eligible for getting processed by all BeanPostProcessors (for example: not eligible for auto-proxying)
2019/02/11-10:30:45 [main] INFO  org.springframework.context.support.PostProcessorRegistrationDelegate$BeanPostProcessorChecker- Bean 'roleService' of type [cn.soa.service.impl.RoleService] is not eligible for getting processed by all BeanPostProcessors (for example: not eligible for auto-proxying)
2019/02/11-10:30:45 [main] INFO  org.springframework.context.support.PostProcessorRegistrationDelegate$BeanPostProcessorChecker- Bean 'myShiroRealm' of type [cn.soa.config.shiro.MyShiroRealm] is not eligible for getting processed by all BeanPostProcessors (for example: not eligible for auto-proxying)
2019/02/11-10:30:45 [main] INFO  org.springframework.context.support.PostProcessorRegistrationDelegate$BeanPostProcessorChecker- Bean 'sessionManager' of type [org.apache.shiro.web.session.mgt.DefaultWebSessionManager] is not eligible for getting processed by all BeanPostProcessors (for example: not eligible for auto-proxying)
----------securityManager----------org.apache.shiro.web.mgt.DefaultWebSecurityManager@39a87e72
2019/02/11-10:30:45 [main] INFO  org.springframework.context.support.PostProcessorRegistrationDelegate$BeanPostProcessorChecker- Bean 'securityManager' of type [org.apache.shiro.web.mgt.DefaultWebSecurityManager] is not eligible for getting processed by all BeanPostProcessors (for example: not eligible for auto-proxying)
2019/02/11-10:30:45 [main] INFO  org.springframework.context.support.PostProcessorRegistrationDelegate$BeanPostProcessorChecker- Bean 'authorizationAttributeSourceAdvisor' of type [org.apache.shiro.spring.security.interceptor.AuthorizationAttributeSourceAdvisor] is not eligible for getting processed by all BeanPostProcessors (for example: not eligible for auto-proxying)
2019/02/11-10:30:45 [main] INFO  org.springframework.context.support.PostProcessorRegistrationDelegate$BeanPostProcessorChecker- Bean 'org.springframework.transaction.annotation.ProxyTransactionManagementConfiguration' of type [org.springframework.transaction.annotation.ProxyTransactionManagementConfiguration$$EnhancerBySpringCGLIB$$cb9dd648] is not eligible for getting processed by all BeanPostProcessors (for example: not eligible for auto-proxying)
2019/02/11-10:30:45 [main] INFO  org.springframework.context.support.PostProcessorRegistrationDelegate$BeanPostProcessorChecker- Bean 'org.springframework.hateoas.config.HateoasConfiguration' of type [org.springframework.hateoas.config.HateoasConfiguration$$EnhancerBySpringCGLIB$$4b1e237a] is not eligible for getting processed by all BeanPostProcessors (for example: not eligible for auto-proxying)
---------------me.shijunjie.util.SpringUtil------------------------------------------------------
========ApplicationContext配置成功,在普通类可以通过调用SpringUtils.getAppContext()获取applicationContext对象,applicationContext=org.springframework.web.context.support.GenericWebApplicationContext@17503f6b: startup date [Mon Feb 11 10:30:38 CST 2019]; root of context hierarchy========
---------------------------------------------------------------------
2019/02/11-10:30:46 [main] WARN  org.springframework.web.context.support.GenericWebApplicationContext- Exception encountered during context initialization - cancelling refresh attempt: org.springframework.beans.factory.BeanCreationException: Error creating bean with name 'serverEndpointExporter' defined in class path resource [cn/soa/config/websocket/WSConfig.class]: Invocation of init method failed; nested exception is java.lang.IllegalStateException: javax.websocket.server.ServerContainer not available
2019/02/11-10:30:46 [main] INFO  com.alibaba.druid.pool.DruidDataSource- {dataSource-1} closed
2019/02/11-10:30:46 [main] INFO  org.springframework.boot.autoconfigure.logging.ConditionEvaluationReportLoggingListener- 

Error starting ApplicationContext. To display the conditions report re-run your application with 'debug' enabled.
2019/02/11-10:30:46 [main] ERROR org.springframework.boot.SpringApplication- Application run failed
org.springframework.beans.factory.BeanCreationException: Error creating bean with name 'serverEndpointExporter' defined in class path resource [cn/soa/config/websocket/WSConfig.class]: Invocation of init method failed; nested exception is java.lang.IllegalStateException: javax.websocket.server.ServerContainer not available
	at org.springframework.beans.factory.support.AbstractAutowireCapableBeanFactory.initializeBean(AbstractAutowireCapableBeanFactory.java:1694)
	at org.springframework.beans.factory.support.AbstractAutowireCapableBeanFactory.doCreateBean(AbstractAutowireCapableBeanFactory.java:573)
	at org.springframework.beans.factory.support.AbstractAutowireCapableBeanFactory.createBean(AbstractAutowireCapableBeanFactory.java:495)
	at org.springframework.beans.factory.support.AbstractBeanFactory.lambda$doGetBean$0(AbstractBeanFactory.java:317)
	at org.springframework.beans.factory.support.DefaultSingletonBeanRegistry.getSingleton(DefaultSingletonBeanRegistry.java:222)
	at org.springframework.beans.factory.support.AbstractBeanFactory.doGetBean(AbstractBeanFactory.java:315)
	at org.springframework.beans.factory.support.AbstractBeanFactory.getBean(AbstractBeanFactory.java:199)
	at org.springframework.beans.factory.support.DefaultListableBeanFactory.preInstantiateSingletons(DefaultListableBeanFactory.java:759)
	at org.springframework.context.support.AbstractApplicationContext.finishBeanFactoryInitialization(AbstractApplicationContext.java:867)
	at org.springframework.context.support.AbstractApplicationContext.refresh(AbstractApplicationContext.java:548)
	at org.springframework.boot.SpringApplication.refresh(SpringApplication.java:754)
	at org.springframework.boot.SpringApplication.refreshContext(SpringApplication.java:386)
	at org.springframework.boot.SpringApplication.run(SpringApplication.java:307)
	at org.springframework.boot.test.context.SpringBootContextLoader.loadContext(SpringBootContextLoader.java:127)
	at org.springframework.test.context.cache.DefaultCacheAwareContextLoaderDelegate.loadContextInternal(DefaultCacheAwareContextLoaderDelegate.java:99)
	at org.springframework.test.context.cache.DefaultCacheAwareContextLoaderDelegate.loadContext(DefaultCacheAwareContextLoaderDelegate.java:117)
	at org.springframework.test.context.support.DefaultTestContext.getApplicationContext(DefaultTestContext.java:108)
	at org.springframework.test.context.web.ServletTestExecutionListener.setUpRequestContextIfNecessary(ServletTestExecutionListener.java:190)
	at org.springframework.test.context.web.ServletTestExecutionListener.prepareTestInstance(ServletTestExecutionListener.java:132)
	at org.springframework.test.context.TestContextManager.prepareTestInstance(TestContextManager.java:246)
	at org.springframework.test.context.junit4.SpringJUnit4ClassRunner.createTest(SpringJUnit4ClassRunner.java:227)
	at org.springframework.test.context.junit4.SpringJUnit4ClassRunner$1.runReflectiveCall(SpringJUnit4ClassRunner.java:289)
	at org.junit.internal.runners.model.ReflectiveCallable.run(ReflectiveCallable.java:12)
	at org.springframework.test.context.junit4.SpringJUnit4ClassRunner.methodBlock(SpringJUnit4ClassRunner.java:291)
	at org.springframework.test.context.junit4.SpringJUnit4ClassRunner.runChild(SpringJUnit4ClassRunner.java:246)
	at org.springframework.test.context.junit4.SpringJUnit4ClassRunner.runChild(SpringJUnit4ClassRunner.java:97)
	at org.junit.runners.ParentRunner$3.run(ParentRunner.java:290)
	at org.junit.runners.ParentRunner$1.schedule(ParentRunner.java:71)
	at org.junit.runners.ParentRunner.runChildren(ParentRunner.java:288)
	at org.junit.runners.ParentRunner.access$000(ParentRunner.java:58)
	at org.junit.runners.ParentRunner$2.evaluate(ParentRunner.java:268)
	at org.springframework.test.context.junit4.statements.RunBeforeTestClassCallbacks.evaluate(RunBeforeTestClassCallbacks.java:61)
	at org.springframework.test.context.junit4.statements.RunAfterTestClassCallbacks.evaluate(RunAfterTestClassCallbacks.java:70)
	at org.junit.runners.ParentRunner.run(ParentRunner.java:363)
	at org.springframework.test.context.junit4.SpringJUnit4ClassRunner.run(SpringJUnit4ClassRunner.java:190)
	at org.apache.maven.surefire.junit4.JUnit4Provider.execute(JUnit4Provider.java:365)
	at org.apache.maven.surefire.junit4.JUnit4Provider.executeWithRerun(JUnit4Provider.java:273)
	at org.apache.maven.surefire.junit4.JUnit4Provider.executeTestSet(JUnit4Provider.java:238)
	at org.apache.maven.surefire.junit4.JUnit4Provider.invoke(JUnit4Provider.java:159)
	at org.apache.maven.surefire.booter.ForkedBooter.invokeProviderInSameClassLoader(ForkedBooter.java:379)
	at org.apache.maven.surefire.booter.ForkedBooter.runSuitesInProcess(ForkedBooter.java:340)
	at org.apache.maven.surefire.booter.ForkedBooter.execute(ForkedBooter.java:125)
	at org.apache.maven.surefire.booter.ForkedBooter.main(ForkedBooter.java:413)
Caused by: java.lang.IllegalStateException: javax.websocket.server.ServerContainer not available
	at org.springframework.util.Assert.state(Assert.java:73)
	at org.springframework.web.socket.server.standard.ServerEndpointExporter.afterPropertiesSet(ServerEndpointExporter.java:106)
	at org.springframework.beans.factory.support.AbstractAutowireCapableBeanFactory.invokeInitMethods(AbstractAutowireCapableBeanFactory.java:1753)
	at org.springframework.beans.factory.support.AbstractAutowireCapableBeanFactory.initializeBean(AbstractAutowireCapableBeanFactory.java:1690)
	... 42 common frames omitted
2019/02/11-10:30:46 [main] ERROR org.springframework.test.context.TestContextManager- Caught exception while allowing TestExecutionListener [org.springframework.test.context.web.ServletTestExecutionListener@c0c2f8d] to prepare test instance [cn.soa.IotUsermanagerApplicationTests@6ba060f3]
java.lang.IllegalStateException: Failed to load ApplicationContext
	at org.springframework.test.context.cache.DefaultCacheAwareContextLoaderDelegate.loadContext(DefaultCacheAwareContextLoaderDelegate.java:125)
	at org.springframework.test.context.support.DefaultTestContext.getApplicationContext(DefaultTestContext.java:108)
	at org.springframework.test.context.web.ServletTestExecutionListener.setUpRequestContextIfNecessary(ServletTestExecutionListener.java:190)
	at org.springframework.test.context.web.ServletTestExecutionListener.prepareTestInstance(ServletTestExecutionListener.java:132)
	at org.springframework.test.context.TestContextManager.prepareTestInstance(TestContextManager.java:246)
	at org.springframework.test.context.junit4.SpringJUnit4ClassRunner.createTest(SpringJUnit4ClassRunner.java:227)
	at org.springframework.test.context.junit4.SpringJUnit4ClassRunner$1.runReflectiveCall(SpringJUnit4ClassRunner.java:289)
	at org.junit.internal.runners.model.ReflectiveCallable.run(ReflectiveCallable.java:12)
	at org.springframework.test.context.junit4.SpringJUnit4ClassRunner.methodBlock(SpringJUnit4ClassRunner.java:291)
	at org.springframework.test.context.junit4.SpringJUnit4ClassRunner.runChild(SpringJUnit4ClassRunner.java:246)
	at org.springframework.test.context.junit4.SpringJUnit4ClassRunner.runChild(SpringJUnit4ClassRunner.java:97)
	at org.junit.runners.ParentRunner$3.run(ParentRunner.java:290)
	at org.junit.runners.ParentRunner$1.schedule(ParentRunner.java:71)
	at org.junit.runners.ParentRunner.runChildren(ParentRunner.java:288)
	at org.junit.runners.ParentRunner.access$000(ParentRunner.java:58)
	at org.junit.runners.ParentRunner$2.evaluate(ParentRunner.java:268)
	at org.springframework.test.context.junit4.statements.RunBeforeTestClassCallbacks.evaluate(RunBeforeTestClassCallbacks.java:61)
	at org.springframework.test.context.junit4.statements.RunAfterTestClassCallbacks.evaluate(RunAfterTestClassCallbacks.java:70)
	at org.junit.runners.ParentRunner.run(ParentRunner.java:363)
	at org.springframework.test.context.junit4.SpringJUnit4ClassRunner.run(SpringJUnit4ClassRunner.java:190)
	at org.apache.maven.surefire.junit4.JUnit4Provider.execute(JUnit4Provider.java:365)
	at org.apache.maven.surefire.junit4.JUnit4Provider.executeWithRerun(JUnit4Provider.java:273)
	at org.apache.maven.surefire.junit4.JUnit4Provider.executeTestSet(JUnit4Provider.java:238)
	at org.apache.maven.surefire.junit4.JUnit4Provider.invoke(JUnit4Provider.java:159)
	at org.apache.maven.surefire.booter.ForkedBooter.invokeProviderInSameClassLoader(ForkedBooter.java:379)
	at org.apache.maven.surefire.booter.ForkedBooter.runSuitesInProcess(ForkedBooter.java:340)
	at org.apache.maven.surefire.booter.ForkedBooter.execute(ForkedBooter.java:125)
	at org.apache.maven.surefire.booter.ForkedBooter.main(ForkedBooter.java:413)
Caused by: org.springframework.beans.factory.BeanCreationException: Error creating bean with name 'serverEndpointExporter' defined in class path resource [cn/soa/config/websocket/WSConfig.class]: Invocation of init method failed; nested exception is java.lang.IllegalStateException: javax.websocket.server.ServerContainer not available
	at org.springframework.beans.factory.support.AbstractAutowireCapableBeanFactory.initializeBean(AbstractAutowireCapableBeanFactory.java:1694)
	at org.springframework.beans.factory.support.AbstractAutowireCapableBeanFactory.doCreateBean(AbstractAutowireCapableBeanFactory.java:573)
	at org.springframework.beans.factory.support.AbstractAutowireCapableBeanFactory.createBean(AbstractAutowireCapableBeanFactory.java:495)
	at org.springframework.beans.factory.support.AbstractBeanFactory.lambda$doGetBean$0(AbstractBeanFactory.java:317)
	at org.springframework.beans.factory.support.DefaultSingletonBeanRegistry.getSingleton(DefaultSingletonBeanRegistry.java:222)
	at org.springframework.beans.factory.support.AbstractBeanFactory.doGetBean(AbstractBeanFactory.java:315)
	at org.springframework.beans.factory.support.AbstractBeanFactory.getBean(AbstractBeanFactory.java:199)
	at org.springframework.beans.factory.support.DefaultListableBeanFactory.preInstantiateSingletons(DefaultListableBeanFactory.java:759)
	at org.springframework.context.support.AbstractApplicationContext.finishBeanFactoryInitialization(AbstractApplicationContext.java:867)
	at org.springframework.context.support.AbstractApplicationContext.refresh(AbstractApplicationContext.java:548)
	at org.springframework.boot.SpringApplication.refresh(SpringApplication.java:754)
	at org.springframework.boot.SpringApplication.refreshContext(SpringApplication.java:386)
	at org.springframework.boot.SpringApplication.run(SpringApplication.java:307)
	at org.springframework.boot.test.context.SpringBootContextLoader.loadContext(SpringBootContextLoader.java:127)
	at org.springframework.test.context.cache.DefaultCacheAwareContextLoaderDelegate.loadContextInternal(DefaultCacheAwareContextLoaderDelegate.java:99)
	at org.springframework.test.context.cache.DefaultCacheAwareContextLoaderDelegate.loadContext(DefaultCacheAwareContextLoaderDelegate.java:117)
	... 27 common frames omitted
Caused by: java.lang.IllegalStateException: javax.websocket.server.ServerContainer not available
	at org.springframework.util.Assert.state(Assert.java:73)
	at org.springframework.web.socket.server.standard.ServerEndpointExporter.afterPropertiesSet(ServerEndpointExporter.java:106)
	at org.springframework.beans.factory.support.AbstractAutowireCapableBeanFactory.invokeInitMethods(AbstractAutowireCapableBeanFactory.java:1753)
	at org.springframework.beans.factory.support.AbstractAutowireCapableBeanFactory.initializeBean(AbstractAutowireCapableBeanFactory.java:1690)
	... 42 common frames omitted
]]></system-out>
  </testcase>
</testsuite>